<?xml version="1.0" encoding="UTF-8"?>
<testsuite xmlns:xsi="http://www.w3.org/2001/XMLSchema-instance" xsi:noNamespaceSchemaLocation="https://maven.apache.org/surefire/maven-surefire-plugin/xsd/surefire-test-report.xsd" name="android.AndroidTest" time="37.379" tests="1" errors="0" skipped="0" failures="1">
  <properties>
[...]
</properties>
  <testcase name="test[1][1]" classname="android.AndroidTest" time="36.244">
    <failure message="js failed:&#10;&gt;&gt;&gt;&gt;&#10;01: driver.input(LOGIN_PG_USER_NAME_INPUT, &quot;Demo6&quot;)&#10;&lt;&lt;&lt;&lt;&#10;org.graalvm.polyglot.PolyglotException: ReferenceError: &quot;LOGIN_PG_USER_NAME_INPUT&quot; is not defined&#10;- &lt;js&gt;.:program(Unnamed:1)&#10;&#10;classpath:android/android.feature:8" type="org.opentest4j.AssertionFailedError"><![CDATA[org.opentest4j.AssertionFailedError: 
js failed:
>>>>
01: driver.input(LOGIN_PG_USER_NAME_INPUT, "Demo6")
<<<<
org.graalvm.polyglot.PolyglotException: ReferenceError: "LOGIN_PG_USER_NAME_INPUT" is not defined
- <js>.:program(Unnamed:1)

classpath:android/android.feature:8
]]></failure>
    <system-out><![CDATA[14:28:29.613 [main] DEBUG com.intuit.karate.Suite - [config] classpath:karate-config.js
14:28:34.148 [main] DEBUG com.intuit.karate - request:
1 > POST http://localhost:4723/wd/hub/session
1 > Content-Type: application/json; charset=UTF-8
1 > Content-Length: 294
1 > Host: localhost:4723
1 > Connection: Keep-Alive
1 > User-Agent: Apache-HttpClient/4.5.13 (Java/1.8.0_221)
1 > Accept-Encoding: gzip,deflate
{"desiredCapabilities":{"app":"C:\/Users\/Tharindu\/Desktop\/test proj\/ustocktrade_gen2.apk","newCommandTimeout":300,"platformVersion":"9.0","platformName":"Android","connectHardwareKeyboard":true,"deviceName":"Galaxy_Nexus_API_28","avd":"Galaxy_Nexus_API_28","automationName":"UiAutomator2"}}

14:28:50.779 [main] DEBUG com.intuit.karate - response time in milliseconds: 16625
1 < 200
1 < X-Powered-By: Express
1 < Vary: X-HTTP-Method-Override
1 < Content-Type: application/json; charset=utf-8
1 < Content-Length: 1107
1 < ETag: W/"453-4JAHHj5Oz7RyN38nr2xt68esqWw"
1 < Date: Tue, 23 Nov 2021 08:58:50 GMT
1 < Connection: keep-alive
{"value":{"platform":"LINUX","webStorageEnabled":false,"takesScreenshot":true,"javascriptEnabled":true,"databaseEnabled":false,"networkConnectionEnabled":true,"locationContextEnabled":false,"warnings":{},"desired":{"app":"C:/Users/Tharindu/Desktop/test proj/ustocktrade_gen2.apk","newCommandTimeout":300,"platformVersion":"9.0","platformName":"Android","connectHardwareKeyboard":true,"deviceName":"Galaxy_Nexus_API_28","avd":"Galaxy_Nexus_API_28","automationName":"UiAutomator2"},"app":"C:/Users/Tharindu/Desktop/test proj/ustocktrade_gen2.apk","newCommandTimeout":300,"platformVersion":"9","platformName":"Android","connectHardwareKeyboard":true,"deviceName":"emulator-5554","avd":"Galaxy_Nexus_API_28","automationName":"UiAutomator2","deviceUDID":"emulator-5554","appPackage":"com.ustocktrade_gen2","deviceApiLevel":28,"deviceScreenSize":"720x1280","deviceScreenDensity":320,"deviceModel":"Android SDK built for x86","deviceManufacturer":"Google","pixelRatio":2,"statBarHeight":48,"viewportRect":{"left":0,"top":48,"width":720,"height":1136}},"sessionId":"56ed2f3f-cd3b-4ed4-869e-a293461c50f7","status":0}
14:28:50.795 [main] DEBUG c.i.k.d.appium.android_1637657911763 - init session id: 56ed2f3f-cd3b-4ed4-869e-a293461c50f7
14:28:51.383 [main] ERROR com.intuit.karate - classpath:android/android.feature:8
And driver.input(LOGIN_PG_USER_NAME_INPUT, "Demo6")
js failed:
>>>>
01: driver.input(LOGIN_PG_USER_NAME_INPUT, "Demo6")
<<<<
org.graalvm.polyglot.PolyglotException: ReferenceError: "LOGIN_PG_USER_NAME_INPUT" is not defined
- <js>.:program(Unnamed:1)

classpath:android/android.feature:8
14:28:51.387 [main] DEBUG com.intuit.karate - request:
2 > GET http://localhost:4723/wd/hub/session/56ed2f3f-cd3b-4ed4-869e-a293461c50f7/screenshot
2 > Host: localhost:4723
2 > Connection: Keep-Alive
2 > User-Agent: Apache-HttpClient/4.5.13 (Java/1.8.0_221)
2 > Accept-Encoding: gzip,deflate


14:28:51.882 [main] DEBUG com.intuit.karate - response time in milliseconds: 494
2 < 200
2 < X-Powered-By: Express
2 < Content-Type: application/json; charset=utf-8
2 < Content-Length: 59560
2 < ETag: W/"e8a8-/KsoHdkHraz3pL/bC7aFj0IHtKU"
2 < Date: Tue, 23 Nov 2021 08:58:51 GMT
2 < Connection: keep-alive
{"value":"iVBORw0KGgoAAAANSUhEUgAAAtAAAAUACAYAAABuzmU9AAAABHNCSVQICAgIfAhkiAAAIABJREFU\neJzs3XucJVV97/3vqurLDAwMgyB3BQXMIKhA9MBAFIwicpnnxcVHId4OqMegoKIgkIDEoIka0ATF\nV1DUoPBwOWIAEUQl3CLnOAITBYMgARRBGJhhYC49Pb1rPX/s3j3V1XVZv6ra3T3m8/bVDr131apV\na62q+lZ17dpOknfOyXuvPwZV6xK6rm2UUzSN9XXLMtuUt7y6dcjO16QcSYXzhvZLXhmW9e29HtKX\nbffbxrq9Wutd1td1tpWqPrOqGosh9aw7baiqdpDK699vbe0Xqubtraukwu1yOrarJvvUbH+1PZ5D\nNNnuQt7vl+luqzr7ujr7iTbWp8026cc21fZxwPJ+dprs9LGkc0vnThVS9m/ZPHXfrzutVUjZbSw/\nXYa1vJkMTf1se+ty+9kO2eVZwnjTZbVZdlVZReU2WZ5zrm/jJLTcqn1R1Y40ZFltt13emAstr6jN\nLfuZouVZ2qFpvzcdd6HTWUJqaJlN+s+ynND321rudB1viwK1pYyq8oumqRrz/WiDJvuJfm0n1vfa\n3ubaKKes75psP1XLjp1z54YsxCI0XKdTfVk5edPk/T5TQa+uNg7G07GR1z0Ih5bfdLq8OlRtQG0F\noY1lzPWjzduav6iv2uyLmQp8IdtSet/V5IDVb1Xta7m4kp6v6MrSTK93kxOy0PKbngCFLifktfTr\n2TrUDWDZ6ayBOaTubbVRVR5pc3nWMtsKo6HLC11m6Hba9LjQhjont1XTll6B7seZbd4y0n9ObKvM\nstdDO7wfB8qmrDuUOvXorbvl7L2q7Lrt0eSMvW45oQeMsh1MnY21bNltj6eQbbuN0B0yFnvbv2WH\nXbd9i+pmLauN5VeVXfVa28vLG3tttXWdOoVedaoT7to6obTsj+ueFDRZz/T7bZ2UtLVPDimvaX3b\nyAJ1yp8Ooe3Z7yBa91bWuvM0Xb/QY3v29bz5cgP0dATnXtlVZ6NthSxLJxZNmz2YND2Yt9W22f4K\nHXhlr9cpJztNv3cu03HSNVOaHODrHpDqbGvZcRIaOOqsX8j+IqScJtPmBf06ASe7fdQJzTO1v2mj\n7DYP/m0GhqqymhyPqo5BTcJ11fx1Qoxl2dM1v2U7Sa9zyHhr8wSjybjtV+ANfb0fy7JMG9JvTZZd\nZ/ss6pspAbrphtZ0EPZrJ9807LZZj7z/Dp2nzvttyp51hran9f02+qnOxlf0b9vLK5uvHwc7y/Lb\nLjfvxLPN5VsPqpZymqqzvdctv435LH1jbePQsGLZVzQNpaGhs40xWnRRpm1l+66Z3s/Wmd+yDbUZ\nFvPaJvRkue5fJkP2/dZjUtPtox/77Dp16fdyQvZPlQG6rcpk3+/n2fUfq9BBG3q2W/eg1WS+qjqF\nCN3I26hX6MZlLbeukBPSJgeVumHdeqIxW7ffkINj2YHUUn6d94vqYRnDTfe9IWWE7D+aBMi2t+dQ\n/QqW1nKtZdXZrts4qcq+3+8ThLbKrwpLlpzT76fI1KmftR5Np8n2Ud2TkdD6VLGOldB+NAfots5E\nQsoJ2Wn088DcxgCdiZ170WBt+17zsvpMd/+UvTaTrDuJqn/brludx8pZl9F2GW1P13S+6Ty4VdWp\nH8sMHSf97Ns6moSZJsucaXWCWNPg13aZTZcf8l7d8vt53KlzQp39fbqCtaXf8+ate4to6P57Ova7\nhfdAT/eOoO7Ot83nF9adPjQ45gXattTps+m4OlPWDnXHWZs7zNl20A9ZbtvrWDWWq6avMw6anBwX\njak2n+2c/r3NupeV20S6vOk4MbKUMx0nukXtPhPHslBN26vOieB0Bb3QCzZl/dZP1qDa1rOMQ5Zf\nNGbrtqVFP8dUk5ODOmWVBXzLxZCyMqO8ibz3QX9uazP517k62uZjhKz39KaXHVqPqoefNznQ5PVZ\nVX9Zp++1VxzH2mqrrfStb31LSZJMLDv9c9lll2nrrbdWHMeFyw2pc1ZV21nHRJ0PXNYZq6HbSlmA\nTbdb6DJCdv7WL9XIrn/oPEW/h6xn1fL6dX9p3hgtW9/QPuqV22ZQSC875EQoO1/ItKHT5E2bt7/N\nm6asnKL3i9o93X91tsGi+rURzIvGSOj4rnNva1sXbUL/IpF+wk5ZOVXbWN22LupLy33G6e0p5OQ5\nT9X+r2j/FnrilG7rJifP1nv++3Fyka5H0TRF7ZfXjtnX8tq3ar9dxlt/nHO5/533e1U5lumr6lL1\nelm92/6x1Mta1ky0uXPOR1HkP/7xj3vvvU+SxFfpTXPGGWcEtX2T9WpzXPXmrTOG2h5Xoctr0lb9\nnK/JdpBdt6p1ta5L03UIHQN1xkmT/UTT+rY1RuqUFdrXoeVaxllo3/Veb6uObbdjnXWuU95MbG9N\n2qvNY3LbdWujTevui9psg147z3SbhrZZ47LG/yNI+mzDcuZhnVZS7nLKysl7zzp9U1VngVXLdM7p\npJNO0tZbbz3pde+9PvOZz2hsbKx0uaHLsXLO6YADDtDtt99e+68LBxxwgO66667gfmq6Dtlx1POe\n97xHu+yyS+X869at080336y77767sPy26tyvbalOPaSpbVa2DRbN06QOTfu9zrbXdjn97KcQTfYJ\nRWNbUuVVruncR1f1UdG4bXvMlpmOfULT8qbjuF5WhtSsL8rGVdkYaGM/UXeeNsvKzrPrrrtqp512\nkjS5XVetWqXf//73+sMf/tCXfWzZ+zOxP7z44ov1/ve/P/e9m266SW9961unvF6nntOS1Nv4CTmz\nqXP1ZzacMTnn/Ktf/erCq7n77rtvcB+1uT5xHPsrr7yy8mpzlTvvvNM75/w+++zj4zgO6r86V8vK\npjnjjDNMdU6SxH/4wx+u3Z/Wcdj2MuqMjaIra21fobCO0360X79/8tovr21D1idbVp1tPLT8NtrW\nsqx+96ulPGs7lPVnnWnrvNdk/doaC22Mxbr9bmmXJsttYyxU1dXaBsPDw/6ggw7yf/VXf+VvvPFG\n/9xzz1Ue11avXu1vvfVWf+655/pdd9210XG2zeNCG++lf7/44osL2+DGG29saxwWz9zWhhRS5mw5\nGDapR9N1OPbYYws7/LjjjssNHm0M4qL54zj2v/71r02hs0iSJD6OY7/99tv7hx9+uDREt9W+6emt\n4bnnqaee6kt90r9bNuKmO3vLNl33wNTmgTD0hCq7HUzH/qRoO2waRpucRNY5KQlZRlG5bR9A6477\nfofypvvZkPmtQaHp8bjNE7Am5bY5juq0ZZN+bKPeeeWVlRtFkV+8eLG/+eab/cjISONj82233ebf\n9ra31TomV61H232e1z7p/164cKFfvHixP/roo/1NN91UuM4///nP/dFHH+0XL17s99prr1onwuM/\n9VYy+/rChQv9oYce6t/4xjf6l7zkJeazsbLpFi5c6N/ylrf4N77xjX6nnXYyN/ouu+ziDznkEP/m\nN7/ZPP907rjPPPPMwg4/++yzWxmQvR1AVf9EUeSvuuqqxhtn2vDwsB8YGPBJkvhrrrnGR1HUal8U\n/aTD87nnnjtRjvfeH3TQQV6SP+igg7z3fmKec889d2Ke0Dq1dSWjrfWuKq+fB5nQ8uoelK3hr6js\nJvPPdP/OlosO01nPuttY3f10vy5ObGx92Ea9y0J/nW2myQlrv9rdUm6ddT7++OP9Qw891Opxueex\nxx7zJ554op87d25rdQ/pm5122skfeeSR/pWvfGWtsdP7iePY33TTTaaTinXr1vlbb73Vz5kzZ0r9\nAtfRNuDS0+6www7+q1/9qn/88ccnVarT6fgHHnjAn3XWWbUbN7TssjLOPPNM/8ADD0z6wFun0/G/\n/OUv/SmnnNK3jaWqPU8//XT/jW98w++///4Trx111FH+wQcfLOzohx9+2B9zzDET0++3337+W9/6\nlj/99NNb32E45/yBBx4Y9EHBUJ1Ox++yyy5+7ty5PkkSnySJf8Mb3lAZopuGmeyV53PPPXfiPe+7\nAdo5VxqgpysAtHmFb7qW05u3raDQryuQbc7X5olS21ez8spp+ypZVf9PdygMGX/9Wm4/x0hRm7Zx\nclt1ISV0H1GnDdo6cQ/ZJ1hPni3Ls/Zxk6D/lre8xS9durS143GZ559/3n/iE59o1E+hbdMLz0ce\neaRfvHhxoz4fGBjw69atM6/vunXr/GabbVZv2XU3xr333tv/5je/qazcDTfcUFiJ7EbctOzez9DQ\nkL/xxhsr57/iiium/erIbrvt5sfGxibqcP/99/trr722sq49119/vb///vsnfh8bG/O77757qwEj\niiLf6XSC6xSi0+n4V7/61f41r3nNxGu92zpC2tVyVbH333m3bfSuQDvnvPfeH3zwwV6yXYFuMzC2\nNV+/f9q8cjSd69pmQJ6pvmkriM/EmOzXvNbtryjEWPu/aNsve28mxkvT7azt7aaq3fo5jpq2ZVU9\n2tyn5c1/1llntXosDvXxj3+89XVJ/6TDc+8npD2LtuXBwcHa67r55pvXWo/IG56H2DM0NKR/+Zd/\n0ctf/nJJkvdeS5Ys0aWXXqof/OAHWrly5cS0hx12mD772c9O/J5envcbnhvctOx0PT/zmc/o0EMP\nnfj9qaee0jXXXKPrrrtOK1asmHj97W9/u84444zC9QxpizSf88zL7Dz/8A//oDiOJ37fY489tHjx\n4spl9xxxxBHaY489Jn6P41if//znW3umrHNOH/3oRxVFuY8IV5IkEz9VYyer0+noAx/4wKRlnXba\naUHPeM0uq2jZvdfPPPNM/d3f/d2U9934p2x701nXIW/5efXuvd+kT0LnzZuuybx5qto7tOzs9p+d\nNrvtlNWvqu7O+InqXnlF21K2rLz61a1vaDll20i6/nn1K2qLvP1V0/1hti51hG5DIX3Va5+q7TZv\n3vTree+lyw1Z37LjQ950Rf8WKdpXWsZq0Rgqq2dVu+W9X/R6UX3Klm99r4688ZO3T6u7/81bzze+\n8Y3merbhXe9615TXLO1Ztn/faaed9JrXvCa3/KpjRHpbs+yvQhTtS0q3FevP6aefPim9Z+/P3Xff\nff2yZcsm3n/ssceCz8w++clP5pbdmz+v7GwZ6ds+Hn744Un3Pe+1117+6aefnnj/vvvua+UMq+rM\nVJLff//9c89+2rD//vu3ciYcx/GkWzd6V8t/8IMf+AMOOMC/6EUv8gsWLPAf+chH/MUXX+xPPvlk\nv2rVqsr6dTodv8MOO/gVK1ZMer13FbrJ1bHsvGUfGMy7hUOqfw90UR2KxkLeFQ3r1bSm49U6Ttqc\nxnIl0LJO/WqzkLLqrFPIlZXQdetHWzYZk3Wu0vXGRt50baxf2+MudN2b7pNDjit1y7FO08bxJXQ5\n/e4ny3Is+5gm46xonve+973hQaBFp512Wl/6Ie/Kc+8nZIwVvd6vK9AVy7cPtttvv31iwffff3/u\n9BdccMGkCm633XaTyjrwwAP9RRdd5M8+++xJN603LXuXXXaZ9N7ZZ589pcH/6Z/+aeL90dHRRhuM\n5efuu+8O6szly5f773znO/5LX/qSv/XWW4Pmufvuu4M7vWwj33rrrX2n0/FJkvjbbrvNR1Hk58yZ\n4w855BDvvZ+4f9l771/1qld557pfsOKc86973ev8mjVrcuvXC8rZ+6qTJPEvfvGLp4yxOu3em250\ndDSozULV2bDaPOi3MW1bY7rqoNPPoDIdB9W26zhddbYEgTp9HrqcpusfEkDbOGEJPZlr2n+h20vT\nvm1S16L+rXsC16+A37S86QrubYyZ7Gtf+9rXWj2mVbnqqquC6xfS1r3fe+F58eLFfvHixaUB2tqu\nTQN0nX7L/zt9Dp/6U8vOO+888fq9996be3n7V7/61aTf018OssUWW+hf//Vf9Zd/+Zf69Kc/ra98\n5SsT72XLzlNVdtpvf/vbKX8W+d3vfjfx3wMDA5o/f/7E7y7ngfs92XJCuPE/gS1YsGDitpQyF154\nobbbbju9853v1Ec/+lEddNBBOuqoo7R69erS+V7+8pdrwYIFhe/71O0lvuTPjeeff75+/etfa2Bg\nQAcffLAOP/xwrV27Vj/84Q8nrU+SJLrvvvvkvZ+4neNnP/uZNt98cx177LFKkmTK8o855pjcPyN+\n+ctfnnJrRXbeKr3588Zi29LLSP93neWXTW8Zb0VjtqqsqvnypveZP6tl26BseUXyxkVRXadLXh16\nr4W0c3pbKyuzDel+rKpbepyG1Cc9fVUfZN9vuv7p9cpbdnZ9y7bNbLkh46lom7a2X9V7RfXO1qGt\n/UW6rGz/ltUlbzl5vzfp56r6WsorW0ZeO9c9hqTLLOuH7LJD93Mf/OAH9e///u/metWxZMmS3Ns3\n8liOG+nbNuoc64vGSFv7VOuxUJIGshXJ2+FlX3vve9+rwcFBSdKjjz6ae9DYbrvtJl4bGRnRf/3X\nf038vvPOO+tFL3rRxO+77777xHzvec97NDw8LO+9Hn300dxK55Xdm/9Xv/qVRkZGNGfOHEnSbrvt\nNmX+XVLfRPf0009r5cqVhQGubMdddbCUNnTKihUrtPfee+vaa6/VXnvtlbtef//3f68zzzxzyuvX\nXnutzj77bF1wwQW5891777065phjJu7vzjsJCD1g/OxnP9N73/teSdKDDz5YGPpHR0dzXx8bG9N3\nv/tdDQ0NaeXKldp0000lSZdffrkuueSS3Hne9ra36e1vf/uUuhfJmyYvHPRLetnZA3xegAwdQ9b3\nq+o20/NZ6p/XXnXWv6mqZVedIGRPULPlNF2fqjYJ3Xas21jI+oao2i6qTvSqyqqqczYolrVF9qQh\n7+JDne26aprQcWdpe0tbV72fPb5Yg1DZsTP7erq80GNz9v2isWxp/yqh46Fq2UWSJNGRRx6pu+++\nO+ibdOt68skndfjhh2vdunVBfRvahunwHDJ+yljHsVXovm5i/5D+qXMJ3eXcv7ZkyRLfc/vtt0+Z\nt3erxrp16/zJJ59sWna27Oz76ada/O53v/N77rnnxHuve93r/LPPPjvx/te+9rXCZVp/sm2Q9zM8\nPOwvv/xyn/XMM88U3gvsnPNxHE+697vn0ksv9UNDQ63Uvffv8PCwX7169ZRlpT377LOVT9CI49g/\n88wz3nvv3/e+95WWV3fs5f2sX7++dFlWbY2Pqm2oybqHzG9pw6bbQNE4LquvpX5tlpVX/9B2bbKc\nNvq9zfnaKju9btmf6VqXqvZtuk3lTdNWmbPtZzr7raz/Nua2a6vuu+++u3/hhRdaPb71rFmzxr/m\nNa8x921VLjz11FMnPaou79aNOk/hyC5nuu6BTv9MuYXD17i64f3kT9mecsop+tM//dOJ9y688MIp\n877+9a/XAQccoIULF+rCCy8svUqXXnZe2dm6nXbaaRO3aey4446688479eMf/1i33HKLfvKTn2jL\nLbeUJN1///0666yzSv/sGSLkKm9vmnXr1ukHP/jBlPfvueee0idbdDodLV26dMrrN954Y+HV4KI6\nlP0ex7FWrVqlTTbZpLSs5557rvLMr9PpaNttt9UTTzyhiy++uLJ+dcZenravQDcdH2ll25B1Hin/\nKlnR/JY2LFpO+r+L2qRoO0i/VvV+ts3L2t8X/NUhtM+qrnSVLbdo2SHLSf9bVH5oeUXzldWtqh/z\n3isbZ9n50scFS7vmLS9dbtGy89q3rNyq8ZVe1/RPUf1C2r3JNmiVrm+dMVq1byn7vWxbDpG3fYT0\nWch7Taa1SGea0Das8uCDD+beItmU917veMc7cjNGWl5OK9oHeu/1sY99TOeff/6k1/K26ex8ef+d\nN21RmdNlIkCHdmzVBvn6179e55133sTvV199ta6++urcaX/6059O3NoREixCy37ooYf0pje9aWIw\nzJ8/X3/+53+ugw8+WPPmzZMk3X777Xrzm9+sZcuWNe4A64Eub/AXhef0gM2bL/1IvKo6lA38XhuM\njo5qYGAgr4igZeTZdttta+3Aq8q11KGJfm+gTdav7ITNevAsYwmV1mWG7BSzO+m8sZwuKzt/VQCv\n817eNNblNOmbpoGtyYlZVbltbS95yy07YIe8ln4vu55ly8ybxtruIf1dd0wU1Ttdn6rjumW8ZNuj\n6gJbetq661i2T+iVnVfXrHT/hZyk1Qm+IeMxZBvMuvnmm3XaaadVLt/inHPO0fXXX19Zh+xJZfb1\ntFNPPXVSeM4rt+rCaZZlv96GqvKj9ER5DZI94+sN2ryVXrhwoS677DJtttlmkqSHH35YJ510UmXl\nQhohr+wPfehDudN673XOOecU3mssSfvtt9/E/cb97oR0pw8PD+uII46YMs2+++6b++zl3nxxHGuf\nffaZ8v5hhx2m4eHhoDpUvW7ZsW2xxRaVB9U4jvX4448XPlM6rWynFbIzTE/bzysKVcuvU5YlbIRc\nWctOl26Ton8tyq6ehvSD5SQgZLqQaeoGmrpXzvLmr7rKGSo0PIaUU7Qvtxzoi+pWtD1bQqQlLDet\nX0jZ2bEfGkzT84fsL5psl6HTVO2DrPul0IsfIVch615IsZ7o59U7r351toemV8jL9mUXXHCBvvOd\n71SWEeLqq6/WeeedZ+7vsunLwnNv/vS/dU+q+n3luerkKupNFDKoyw6cO+64o6655hrtuOOOkqTl\ny5frXe96l5599tnKylU1wg477DCl7He+85165plnclfu29/+tv7iL/5CcRxrZGREX/7yl3XkkUfq\n2GOP1aWXXqpOp6OhoSGdfPLJOv/881u9MlQ238te9jItWbJExx133JT3ttpqK51yyimFZZ533nna\naqutprx33HHH6a677tJLX/rS0uW3ufORVHqLR68fli9frm222Sa4zLyrjmWKDgD9CtChV1iKZOsb\nuoNt42pN9rV+7XhC+s96kKvSG291DrqhJyShy8suM3Q8t3ESVVWfNoNokbwTt7IT4ZAg2eRqbl79\n0vXJboeW0FO1bkWvV4Xu0P2JVZ0T0pDyytqg7jLyskjRa2XbfdvHvWz5Ze9VXWAoKi90XJ9wwgmN\nn8yxZMkSvfvd75607LoXd3pCrjxn5W2LefP2+2JnldyTq6Y/CxYsmPTBvjVr1vijjz7aS+U30bvM\nszhdzs3jW265ZWHZefMtWrRo0ldln3766VOWm36O9OrVq/0rXvGKoPXMW4fQabbcckv/3HPP+TKr\nVq2auJG+9zM8POz/8R//sXQ+771fsWKFnz9/fuO+/N73vle5LO+7X4wSRdGUfojj2C9evHhSH1T5\n7ne/a65n0XiSNOVZ0021sY3U+cmO7bpjs2wbbGPMhy6vrM+KXqtaftn8RfPWWaeyPrGWV7Svmw0/\nTdvGWmaTfWro+GravmXjuc3ts04/NJm37XEx3eN4Ni6vbp3q7Oekbq747W9/W+u49sQTT/itt946\naJmh2+Cpp56au6yqDxD2Xm/SN218iLBG/zUbVENDQ/6WW26ZqMi6dev8CSec0MrAqVP2F77whYnp\nV6xYkbu8+fPnT3pSwxlnnNGoDULWzzkX/EUqt9xyi7/wwgv95Zdf7pcvXx40T/qLVJrsWLbZZpvg\nALpw4UIvaeKLVPbee+/CL1IpkiSJ33bbbVtp5956t806dusExTrbSt2dblvzzGTw60d75r2eDU9V\nFwTaaENLP1sCfRthr2l7T3cQa3qiUvdkx3ISOR3tUFZu0e9tnCjW6Zfse03bvB9jpmnbtPmzxx57\nmJ/MUfXEjTrrUxSevfeFT91Ih+cmAVrq5sW6WnsKRxFX8GeSK664QgcffLCk7lMXPvnJT+ob3/hG\naLET5eSVX6fs7bfffuK/824f8d5r5cqVeu655yZe22GHHUz17dU5hE/dM/7hD384aJ6DDz5YH/7w\nh3XccceVfjlKWrpsX/GnkDLZ22LKXHHFFXr/+9+v5cuXK0kS3XPPPZo7d655mcuWLat9T66r+BNq\nvxTV0+X8qVHKr5+1ztnp8+ZPb0tl5RfVv612LNpfVC0/tNy8Md6kPV3Bny3T22/eNHmvFfVLVR2K\nXitbL5/6k2J2Gdn2Dt0vhLZjuryQvk3XNWT5dcdIuh7ZvgydLz1PURll7Z0eC9nXy/Yd6X+Lpi1r\nl7I65a1DnuyYD93HVm2PlmNmb/rQZaanzfZRSJuk38vr76J1y/ZV0zFbVu/s+z2/+tWvdOyxx5r2\nf+knboSMkar1qrrnOaSMOor2222Ulx5bRXWvDNBlG8/Xv/51HXXUURPv/83f/I2+9KUvBVesN1/e\njvWSSy6pLDtvpVatWjXx39ttt53mz58/pQFe+tKXTvoil9WrV0/ZeZUFuqoNu2hju+uuu3TttdcW\nzlfX1VdfrbvuumvKMuuE0iRJdO655wZNu9dee+l973vfpG9ytPrUpz418XSRsnYN6Yd+h+iiA2ve\nTjxvnrIy2wgL6XpVHTTqtlVoYAo5SFuXmZ2v6gQir4zQIFsUhkJPYvLKr6pD0zGQDRCh20ZRX1rC\ntnU7DGkDa2DLvlfVN2VjITuO8ranvLHQJMBm2zIkQBbVvWpZoe0cctITGiLzTkzzlt8ro+yEtKzs\nbJ3Kttk2T8Kzy7IG6tATkLxx8cMf/lBnnXVW0HLOOeccXXfddbnLKRq/6TGZnSY0PFvbNqT92j7m\nZ7e93r+l20jVj8u5nP/5z3/ep33hC18Imq/3c+CBB/qLLrrIn3322X7u3LmtlO2c8yeeeOKkeS+5\n5JIp01x99dWTpjniiCPMbVC2bun30/865/xuu+026f7g+++/31933XU+1HXXXecfeOCBid9HR0f9\nzjvvXLl8y08cx8G3cdxwww2V93YXSZKk8stYQvsi/VrbLP3e9Mc6ztpcTt6YsSw/dJtou+7W8q3z\nZ8dXv+o/neUW9XUbdatTRsg8Tfu9H+tl2c9a27fOOJ2OdqizrH5uW2X7q37vcyzzTMd+66qrrio9\nll111VWtrt/HP/7xoGNo7zaNsi9RaXoLR9tfpBK4TbvxjJAve+bgnNMWtcBTAAAgAElEQVQpp5yi\nL37xixNnB6tWrdK9995bWIYkrVy5UkceeaQkacGCBXrooYcmrgJ/85vf1AknnCBJ+shHPlKr7MWL\nF8t7r0022URLly6d9BXed999t5YsWSLnnBYtWjTp8Xb33HOP9t1339Lyi+SdVYWcaZ122mlauHCh\nvv71r+uuu+6S917HHHOMPve5zxV+dfZDDz2k0047beIK9qJFi/TBD35Q9957r774xS9WLt9yBuic\n0yGHHKIbb7wx6Azwla98pZYuXaqhoaGg8nvzHXroofrRj36Ue8Wlaj3K1qfth8zHcWxu07J61jkb\nL1tGv+Vdhaha79By2xirIfuvkLFVZxlF/dyk34uuzNWpXz/mq1P+bK1j1XJnYvkh/d/GthNSj3Qb\npP/N1q/Odli3vtZ1n462KlK0H5DCt2+L4eFh3XHHHXrta1875b2lS5dq//3318jISGn9QoVcee5Z\nvHhx0HTf//73a9dncHAw+EvlsubPn6/nn39+4ndLu5hT96WXXmpO+M8888zE/Hvvvfek9+68887W\nypbk/+zP/sw/+eSTlfM98sgjfu+99w46Ow45U256tvvXf/3XhXXtfdBxuq4yRFHkb7rppqD2711J\nXrt2bXCf3XjjjZOe4tG0PdP9lCRJqz95Y6LJFZg2ryCVzWOpZ5OxPdNXvix1q2r7fl2BDen/0HL7\n2d7W9m26Dm2vU1V/19lu6/Rdv/oo8KpYX8tre93K2rif7d2vMRcyXZPjR9V7W2+9tX/iiScmHW+f\neOIJv9122zUaA+npyj4wmKfqynPRV3lbxmPTK9B1tgXTV3m3ZenSpbrjjjskSaOjo7ryyitbKbd3\nZnfHHXdo0aJFuuyyy7Ry5cop0y1fvlyXXHKJ9ttvP917772F9255P/mbnKrapur9qqu5Dz30UOl7\n2SsA/eKcU5IkOvzww/Xb3/42aPqxsTFtttlmeve7361Op1M6/WOPPaYjjjii8Eqx5Qw9b9qnn356\noj+b/jz99NMTy2ly5SBvnib9WFaX9Hs+c7UntH5520LovFbpZRXVseiql7VuReuZ3s6r6tN7rWi6\nvPqkXyuqb94+KK9cy36mrLyQ+avqG/Jamew6hYyFIlVXjbLvZ/sxb3m9bSg9Tqrqld5PV7WRdX2r\n1i89TdPyiqZpIyOUjbHsf4e2d9Uysqr2eaFC26NovcqWG9Kn2eUvW7ZMhx12mNauXStJWrt2rQ47\n7DA9+eSTlfVKH/uy06Sn+/SnP11Y56plZFn2/3llWcZ7maqxlrddO3WTdN+U7dQWLVqkJ598Uo88\n8khuJct23NmdWpGhoSG94Q1v0E477STvvR599FH927/9W3Adq3bKZXVLd2xV0JG630b485//PLfc\nV7/61frFL35hqkMd2frHcawbbrhBb3nLWyrnXb9+vbbaaiu98MIL+sxnPqNPfOITGhwcnDTNTTfd\npKOOOkr77ruv7r//fq1Zsyb3zy5N1uFDH/qQLrzwwlY2qFNOOUVf+cpXgsN8SD+HzFsnDDQ5sIWU\nVxRAita5jfqEllNnO+2ps31XvWetv2WZRfu/kOXXqU/ddWhSh9DxlxduLeOlbD+dnabOCXRR+XXq\nbFW3nfPea+OYUvReT1vH4Lz5Qupg2d9all80lpsus+r9RYsW6ZBDDtFPfvKTiQuWbfn2t7+td77z\nncHTZ2/hyOubRx55RPfdd1/u/CHtPzAwoBUrVmjevHnB9ZKkNWvWaJtttpn0AIoQzrl6AbpOx1qD\nZb92LG2W2Xb9oijSSSedNOUbB5ctW6aLLroo+MAg2a5UhJT51re+Vd///veDQunxxx+vK6+8Ut57\nbb755nrHO96hQw89VN/85jd1/fXXK4oiHXzwwXrJS16i22+/Xb/5zW8mllN2oLWc6Oyzzz465JBD\nNGfOnNLpioyMjOjmm2/WPffcY543uzyp+kpx9vcmB+2Q+haVG3rQLapTk8DbryCRXYbU7CpaGyfc\nTYJt02BkmbbOvtg6rVRvHNYpN6/8qmOS5f2y5VRN21Tdk8iy43LICUbd5Tepu2WefpzElr3fVh83\n2UdOx760iZCTSevxK4oiffGLX9SJJ56oTTfdNKgea9eu1ZVXXqkPfOADWr9+fa118WU/roV79/r9\n43Lu9cyra++17L+W5dR5L3R6Sxll69uPfnKu+y2Df/u3f+u995VP6Vi2bJnfc889J82brWPvC1ia\ntmPRPG32b1tlN+2novlDymqyvLJtrOrffo7JJtPV3Q/UXaZlnE5nnZpuP7PhuND2OlTN13Rb6mdb\n9qs/isZK0+U1mT+7j5mOuoQsx1Kvtvqragy3dbypW9+2x05ZfUIzobVPsq9HvSTf+zcrnfDTV8R6\n0r/nvVdUbp6ysst4X35/ct7ZSu93S/2K/gyT914d2TOyIkVnb/3kvVen09E555yjgYEBbb/99vre\n975XOP0dd9wx8QUpvXnz2r/oCkbdvs/rk6pxWKcNrVd6etNnx5xl/JXVoagNstMXvVe1/eetb/a9\non+r9PrHuq8ou6qf/u+ieuTVs82+yc5vuWLfj+25aDlNl5Vtv6o2DNkWy6ZLH7NC+zhkeUXz5U0T\neuzI2x+Vjduq45h1+21T0Vixbufp3/Pmr3tMLqqfpc1C1qVsm+nHscRyLEzPE5oRrGOnzl85muzn\nrMem3rKa/HWkKIdMWZa6STpYXkWslQstt8786cFSVWbZ+3Xrk66HtQOzg77JOoTWv049Q8tso6y8\nctO/S/XDbMh01n6zvta0fiGa9EPbfdiGtvYVdaZt8ru13v0YC3nzVe2zQvdBTfdFdesu9f8CQkhd\nms7T5HhVNl3VGGwyRpvUczrL7cc46ffxLeT9fu+fQ8dG3W2/6dhr85haNm9R28eSzq0qwLrA7L/T\ncXZcp55VVxnSr2f/tdZjJq4c1FlmWb81Ka9K3pUJ63wWdcd1aBnTMeZDlle102uyHGub1KlDm+3Y\nG9Nl230b4yl0XNTZNkJer1NW9r22w37TfmzST/3cTmf6BDP0uNSbpt91tZ6ctrG8vH97/z0Tx93p\nVncdQ8dMm+putyHHHcv0bZkI0NMRREI7rGkYtkqfZTRp7H4fRELK62fILZrXusOcrpOq6VrWxhCk\n215GWwfjfp5wWneibexHLIGmrJzplBdO27gK2eT9qvn6cdyxLiOknXpjIvTEczr3Vf28UFEUaNP/\nHXK7RdW+dTacvBT9XrecthWNLcs+tun2bDlG5p0U1bkynXcyVXbCVUfhFeiyxp2JKydly7Dc99Rv\nZYO1yZ8R6gzQ0LPxsjL+WITsPELGa9theTYFLct2XfeWgbZU7XR7/91Gf7VxYm2ZNn1rQuj8Taap\nu35lB6hsuVXbVtP9m6Wu1mnK9h11gmVe/5b9lajpulctp07/tx34Q8qrmyeKwlPo/KE2huOnNUQ3\nGet11TnRsr7ftF49sXPu3NaXVLHQ7PttnCFVLb/JgbTpmeVMnymn9TPEtDld08BSdwefFwJm0wla\n2bIt7deP8N00aPbKSf9bNE2dD7LUrU+/7zFM/zvT6uxz021UFfiK3puu/WM/T7RCysqbvugDS6Ht\nMh1jJzTwW8ppMm2TE66qE5Lp3hab7APyxlvdk2/riVq/TkTS5TX9i2Def4fOEyKWdK5lp9nvRutX\nmWXLCWnotoJBG2WVlR0ybejOJ+SgOR07nmwgtmwMVeE3tL/rBPG609YJomU7G8tOtOj10HHT9gG/\nX9tjv/XjBCa0H6frQFa3b8rCmPUksOmBMf16UZANKafOstucv40+L2ujkFsTQ/eroUGtrb61lNPG\nyVzTE3bL+1X7fWu/1dGvcFpnnvQ6FX04sa0M65ybHKCbrOBMH9DaPnA0PQDO1Flsv6Yvm6+ttmh7\nLFWNiaqdz3T2YT+X1+TgNNPaPDj2y2wJ+XUP/r2x12QMZuftV5CfDhvrcppu50UB2LIPtZ5kt7mv\nt5RZ1FbT9QSS0O0jZD9XFgitbdHPE7GyaevsQ7PzZkNz0TzZC3+hdcz7vfWncITOU7Wx92vDCu2Q\nqmAV2gnTHcKyy7RseG0tv+5y2g7OIVeU8t6v6v+6dWpaRhvy1nU6g7t1fsuHcuvuq4p24m2XV1ed\n7adOHdoIEFXl13k/b3tucgBsa57p7t9+LLvfyw0J320co0JOHkKO73WWk36vrfVpa74m2twG+nmc\nqaPuvij7Xm6ArgpCTcOv5SwttE5tCl1u2yErO3+bO6sm84ROk/ecREt51jHUhrauOrQ9b5N+aSPA\n1Q3803USVedKQqi21tdyJcpyxaToRHmm7yPux3J65U5nsA/dl7URCqb74kJby6gKGG2fRFpZt4em\n/ZDeTi23VPQjWE5Xmxeta+jYsC6rqvx+rXdZuQOz5cNtAAAAwMYgmukKAAAAABsTAjQAAABgQIAG\nAAAADAjQAAAAgAEBGgAAADAgQAMAAAAGBGgAAADAgAANAAAAGBCgAQAAAAMCNAAAAGBAgAYAAAAM\nCNAAAACAAQEaAAAAMCBAAwAAAAYEaAAAAMCAAA0AAAAYEKABAAAAAwI0AAAAYECABgAAAAwI0AAA\nAIABARoAAAAwIEADAAAABgRoAAAAwIAADQAAABgQoAEAAAADAjQAAABgQIAGAAAADAjQAAAAgAEB\nGgAAADAgQAMAAAAGBGgAAADAgAANAAAAGBCgAQAAAAMCNAAAAGBAgAYAAAAMCNAAAACAAQEaAAAA\nMCBAAwAAAAYEaAAAAMCAAA0AAAAYEKABAAAAAwI0AAAAYECABgAAAAwI0AAAAIABARoAAAAwIEAD\nAAAABgRoAAAAwIAADQAAABgQoAEAAAADAjQAAABgQIAGAAAADAjQAAAAgAEBGgAAADAgQAMAAAAG\nBGgAAADAgAANAAAAGBCgAQAAAAMCNAAAAGBAgAYAAAAMCNAAAACAAQEaAAAAMCBAAwAAAAYEaAAA\nAMCAAA0AAAAYEKABAAAAAwI0AAAAYECABgAAAAwI0AAAAIABARoAAAAwIEADAAAABgRoAAAAwIAA\nDQAAABgQoAEAAAADAjQAAABgQIAGAAAADAjQAAAAgAEBGgAAADAgQAMAAAAGBGgAAADAgAANAAAA\nGBCgAQAAAAMCNAAAAGBAgAYAAAAMCNAAAACAAQEaAAAAMCBAAwAAAAYEaAAAAMCAAA0AAAAYEKAB\nAAAAAwI0AAAAYECABgAAAAwI0AAAAIABARoAAAAwIEADAAAABgRoAAAAwIAADQAAABgQoAEAAAAD\nAjQAAABgQIAGAAAADAjQAAAAgAEBGgAAADAgQAMAAAAGBGgAAADAgAANAAAAGBCgAQAAAAMCNAAA\nAGBAgAYAAAAMCNAAAACAAQEaAAAAMCBAAwAAAAYEaAAAAMCAAA0AAAAYEKABAAAAAwI0AAAAYECA\nBgAAAAwI0AAAAIABARoAAAAwIEADAAAABgRoAAAAwIAADQAAABgQoAEAAAADAjQAAABgQIAGAAAA\nDAjQAAAAgAEBGgAAADAgQAMAAAAGBGgAAADAgAANAAAAGBCgAQAAAAMCNAAAAGBAgAYAAAAMCNAA\nAACAAQEaAAAAMCBAAwAAAAYEaAAAAMCAAA0AAAAYEKABAAAAAwI0AAAAYECABgAAAAwI0AAAAIAB\nARoAAAAwIEADAAAABgRoAAAAwIAADQAAABgQoAEAAAADAjQAAABgQIAGAAAADAjQAAAAgAEBGgAA\nADAgQAMAAAAGBGgAAADAgAANAAAAGBCgAQAAAAMCNAAAAGBAgAYAAAAMCNAAAACAAQEaAAAAMCBA\nAwAAAAYEaAAAAMCAAA0AAAAYEKABAAAAAwI0AAAAYECABgAAAAwI0AAAAIABARoAAAAwIEADAAAA\nBgRoAAAAwIAADQAAABgQoAEAAAADAjQAAABgQIAGAAAADAjQAAAAgAEBGgAAADAgQAMAAAAGBGgA\nAADAgAANAAAAGBCgAQAAAAMCNAAAAGBAgAYAAAAMCNAAAACAAQEaAAAAMCBAAwAAAAYEaAAAAMCA\nAA0AAAAYEKABAAAAAwI0AAAAYECABgAAAAwI0AAAAIABARoAAAAwIEADAAAABgRoAAAAwIAADQAA\nABgQoAEAAAADAjQAAABgQIAGAAAADAjQAAAAgAEBGgAAADAgQAMAAAAGBGgAAADAgAANAAAAGBCg\nAQAAAAMCNAAAAGBAgAYAAAAMCNAAAACAAQEaAAAAMCBAAwAAAAYEaAAAAMCAAA0AAAAYEKABAAAA\nAwI0AAAAYECABgAAAAwI0AAAAIABARoAAAAwIEADAAAABgRoAAAAwIAADQAAABgQoAEAAAADAjQA\nAABgQIAGAAAADAjQAAAAgAEBGgAAADAgQAMAAAAGBGgAAADAgAANAAAAGBCgAQAAAAMCNAAAAGBA\ngAYAAAAMCNAAAACAAQEaAAAAMCBAAwAAAAYEaAAAAMCAAA0AAAAYEKABAAAAAwI0AAAAYECABgAA\nAAwI0AAAAIABARoAAAAwIEADAAAABgRoAAAAwIAADQAAABgQoAEAAAADAjQAAABgQIAGAAAADAjQ\nAAAAgAEBGgAAADAgQAMAAAAGBGgAAADAgAANAAAAGBCgAQAAAAMCNAAAAGBAgAYAAAAMCNAAAACA\nAQEaAAAAMCBAAwAAAAYEaAAAAMCAAA0AAAAYEKABAAAAAwI0AAAAYECABgAAAAwI0AAAAIABARoA\nAAAwIEADAAAABgRoAAAAwIAADQAAABgQoAEAAAADAjQAAABgQIAGAAAADAjQAAAAgAEBGgAAADAg\nQAMAAAAGBGgAAADAgAANAAAAGBCgAQAAAAMCNAAAAGBAgAYAAAAMCNAAAACAAQEaAAAAMCBAAwAA\nAAYEaAAAAMCAAA0AAAAYEKABAAAAAwI0AAAAYECABgAAAAwI0AAAAIABARoAAAAwIEADAAAABgRo\nAAAAwIAADQAAABgQoAEAAAADAjQAAABgQIAGAAAADAjQAAAAgAEBGgAAADAgQAMAAAAGBGgAAADA\ngAANAAAAGBCgAQAAAAMCNAAAAGBAgAYAAAAMCNAAAACAAQEaAAAAMCBAAwAAAAYEaAAAAMCAAA0A\nAAAYEKABAAAAAwI0AAAAYECABgAAAAwI0AAAAIABARoAAAAwIEADAAAABgRoAAAAwIAADQAAABgQ\noAEAAAADAjQAAABgQIAGAAAADAjQAAAAgAEBGgAAADAgQAMAAAAGBGgAAADAgAANAAAAGBCgAQAA\nAAMCNAAAAGBAgAYAAAAMCNAAAACAAQEaAAAAMCBAAwAAAAYEaAAAAMCAAA0AAAAYEKABAAAAAwI0\nAAAAYECABgAAAAwI0AAAAIABARoAAAAwIEADAAAABgRoAAAAwIAADQAAABgQoAEAAAADAjQAAABg\nQIAGAAAADAjQAAAAgAEBGgAAADAgQAMAAAAGBGgAAADAgAANAAAAGBCgAQAAAAMCNAAAAGBAgAYA\nAAAMCNAAAACAAQEaAAAAMCBAAwAAAAYEaAAAAMCAAA0AAAAYEKABAAAAAwI0AAAAYECABgAAAAwI\n0AAAAIABARoAAAAwIEADAAAABgRoAAAAwIAADQAAABgQoAEAAAADAjQAAABgQIAGAAAADAjQAAAA\ngAEBGgAAADAgQAMAAAAGBGgAAADAgAANAAAAGBCgAQAAAAMCNAAAAGBAgAYAAAAMCNAAAACAAQEa\nAAAAMCBAAwAAAAYEaAAAAMCAAA0AAAAYEKABAAAAAwI0AAAAYECABgAAAAwI0AAAAIABARoAAAAw\nIEADAAAABgRoAAAAwIAADQAAABgQoAEAAAADAjQAAABgQIAGAAAADAjQAAAAgAEBGgAAADAgQAMA\nAAAGBGgAAADAgAANAAAAGBCgAQAAAAMCNAAAAGBAgAYAAAAMCNAAAACAAQEaAAAAMCBAAwAAAAYE\naAAAAMCAAA0AAAAYEKABAAAAAwI0AAAAYECABgAAAAwI0AAAAIABARoAAAAwIEADAAAABgRoAAAA\nwIAADQAAABgQoAEAAAADAjQAAABgQIAGAAAADAjQAAAAgAEBGgAAADAgQAMAAAAGBGgAAADAgAAN\nAAAAGBCgAQAAAAMCNAAAAGBAgAYAAAAMCNAAAACAAQEaAAAAMCBAAwAAAAYEaAAAAMCAAA0AAAAY\nEKABAAAAAwI0AAAAYECABgAAAAwI0AAAAIABARoAAAAwIEADAPrPz3QFAKA9BGgAG728bOYJbLOG\n915ydAiAPx4EaAAbOS+nboju/vjxQO1TP5he+W3uPf0B4I8DARrARstL6iROSZLI+0TPrF2ntZ1E\nnSRR4p28uq9j+nRDspMkdXyiTmdMSsbUefb38vJKkvXj02jiXwDY2BCgAWykuleeFSVaN5bo5kdX\n6ZCrH9Nptz6ux1eNKlEiJRNTYZo4121v772UeHVWLNMLF39Wz556pEbv+L78utHx92eylgDQjPNc\nAgCw0Rm/TcNLI8mYvv6L5frGL57XstFEA/J67bZz9In/8WK9dutBeR8rjrhWMF28JOe7/bP+4fu0\n5rIvaeyXd3UT89x5mnv48Zp71P+SG54raUPgBoCNCQEawEYhSRJFkSTvlCRjSqIBPbt2TGfd9jv9\n5PFRJZKcvOQiJYnXgkGn8w7aRkfuvLnGvFcsL+8ixd3L1hqPejO5Shu38ebr3tXckfNOXk5uzKsT\nS+t/eqNW/fOn5Va/IB95Rd4pcd0cPbjPAdrsQ3+vaLMtJNd9PfJSFDnRJwA2BgRoABsF7xM555R4\nSd5p6TMjOuffn9KSP6zWJkORfNJ93TvJOS/5WLEb0+n7ba3jXzFfc12kKHJyzsu5eKZX54+G795p\nLpd0pCRSZ/1arb/pcq2+/CJFfv34Xwp6Hx50kpPGRtdp7m57a84Hz9LAzq+UYidFkWLF8p6r0gBm\nPwI0gFnLd69pSpKS8Q+njSaJfvDIc7rg58/psZVrFcVD8klHiqQokfx4+HJKlCjWnCjR0bttpr/c\ne2vtuOmAIhepOwlXoJtIt16SjMm7WJ3HH9bq735VY//+QylJuu2cOcI4da//j3qvwe1fquG3/aWG\nDzxCsZNcFI1PQd8AmN0I0ABmrcR79W529l5aNZbon+55St+473klLpa8l3MbPpDWe9Swn7iC6eXk\ntV7SPlsO6e9ev6323GqOOomXokSRi+X4LHUtSZIoSaRYiXwUa/Sh/9Daf/601j/6n4p6JzHOKfEb\nPsbZjcWue2LkJHmvzsCANl38vzTnmBPkBofkXPf2Gufc+H8DwOxDgAYwa3WSpBuOXaJn10qf/umT\n+tf/Wq2hgVhJ0n08nXOuewtByZ7MKdF6xXr5vEF99uAX63+8eI6c7yiOYzlxO0cdiR9Tkkius14j\nS3+qdV85R2MvLFcUOynvyYE+kndJ5vqyl3eD8mOrtembjtPw8SfLzd9CHTeoASdFBGgAsxQBGsCs\ntT5J1PEd/d8n1+pz//cZLX12VEPjHzqbuNrsfeU9s857+aijThJry+FIJ++7tY7ddZ7mDw3IOY3f\n0sEtAyE2PMNZSp57Rmtv+BeNXP9tufUjUhR3A7LvdpD3fuJqdN6Bxo3/ZaETebnEa3iv/TXnLz6m\ngZfvKeecIp6eAmCWIkADmEW8kqSjxKn7gUCf6PIHnteX7lmmZ9ZJkaJ6DxB2rhvmJMl7xQPS0btu\nqrNet53mD3c/cFj4BAhuxx3n1Um8nE+URLE6y/+gtV/9tEb/407JJ4oTydf+uu6OvIakRIq23lJz\n33OGhvZ7swbklbgBuah768fEkz9SJ00hJ1AA0DYCNIBZZX3SkZPXSMfpH+9+Rl/5xQoNR677+Dp5\nOee7VzhNIk3cV+ClQXmtTqSDdhzSP71pB205OB6gXTwpK/e+Ve+/Uz4rCqTeS0lnVN47+Ufu05p/\nOF2jf/gvaXhYcUfquPHHCBrPNiaFYUlJNKbBeDPN+5+nKz74/1ESDWkgdoRkALMKARrALNENxuuT\nRP+5fEQX3L1MP350tQbi7ofKvKKGF4K74c7LK3GJYu80ljj9yZbD+uTrttQbdpynoTiS806pi50Y\nlySJ/OiIRm75rkb+90UaW/GMXDwo5zc8KaWeVEv7RN5F3eenuAENvfFYzTnmRA2+eIfuMgjRAGYJ\nAjSAGed9R53EKY4i3fK753Te/3lWD69MuleblaQ+INj7AhRj+c4rUjRx/243s0WK1dF657T1UKyP\n7LOl3r3nFkq8FPWeFOElRd00/d/pCmjvqnC3vZLul6WseV7Lv32B3G3fV2f9Gg34ePz7IHuPDazT\nM5NFXvLjjxj08uo4aXCP/TTv/WdrYMdd5H1HUTTQMLADQHMEaADTaOp1Xe876nipk0jf+c/ndPZd\nT2g4mSPFY+q4qPuYOZ/Ipz442Kbuo9ac1nakk161iU5/7TYair18FGtg4kNw/70+zLbhg4K+2z9/\neESrLjxb7r4lGhueM36VfsM03ZOL9MPqWqmFIue0PlmrwS131JzTL9Lwy3aXc7GieKClZQBAPQRo\nADPAT/os4OOr1umrS1fqigeeUyIn7xL1nh7sxp8D3eiGiimXRze80P3mu+7PWCfRW18+T6fu8yK9\nYv4mUtQZf5Ranbt7N27ee8l7rfv5LVpz2fka++1D0uCg1PETV/Sd+V70as53n+Ptx/8XaUCdZESD\nm26mOcefouE3HKNok3ndaf8b/VUAwOxCgAbQB737jTc871dySnzSvQnDa+IK5n8sG9Gnfvqsfvn0\nWiXjwUlq55YAU41d90tBEu+0cMsBnbPfdtp/+7lKvFPknBJJkfOTngaxsZtYDT9+04TrfnGN84k6\nIyMauf5SjXz/W3KrX5B3saSOOs7LJbGifvw5YFLlIvloTG7869kj7+SH5mjooKM1792fUDI81P1o\nqHOK5BRl++OPpI8AzE4EaAB90NutpBNMoo4flXdDUuIVuUj/9qJtipkAACAASURBVNhKffC2p7Rm\nbaKBASe5SEqmc5e0IaY7OSWue927kzj5MenLh7xIi182X15O8fj9124jfzbxpJ4ZD87OOSVJp3tm\nMxars26F1n7zsxr98VXyczZXlHTvQ0+mPZD68b8QjC84cnJr1ij6k/0176zPK16wrZyP1IkTxRog\nLwOYNgRoAH0y+RJg937abmBbOTqmqx9YqQv/Y4WeH+koimLJdT+u5pLu1eDpCUOTg75zkbxPFCnR\nWOQ0z0nve/WL9L4952ne4LAkKXLjj1TLO0fYSHl1v1nQJ16dR36ltd/6B62/f4k0/gQU5934rRXd\n6af3rwOZpUVOfnS94t320CbHf0Txqw5SHCf/Le9VBzBzCNAA+qgbmpPudU45eT2yclSf+9lT+slj\nI+rIj384MH2jh1P3mc0zlUx7u8RIXlIcJXrzDsP65H7baOf5c7pf5uI6ko828ntwvca8FPUOAWOj\nWnfHDXrhiq9Izz6hKOo+tWSmn3iRDu7SeJx2Tj5JFC/YSkNv+4A2efM75F33LxhO3SvWTm78A469\nuQCgPQRoAH2UaMx7+cRrMI704PIRfeDHv9fDK5zieExKPVqu969zrm9P3Aipb+8qZq8OsbxeiJz+\nZN6wvvamrbTri+ZJiVc8/u14G++ttonGku496Uk0oHVXXKjVV35VUewkn3Rvp0n1zaSTBR9JLpmZ\nak+0eCQXeSUvrNXg207QZsd/TMlgpMgPK4q10d9qA2B2I0AD6BsvqeMTrR0d0w8fX63P3bVMT63q\nSIPdD6JNmX7GgvNU6ecgRy7SWCfRSzYb1l8t2lIH7bip5sTx+BM6Nk7ee/mko7GnHtea/+8fNXrH\nDYriWEkkRembnWe4Uzb0Q+q18avSiZMiJfKJ08CfHaFN336S4hfvJBdH3b7ZeM9uAMxyBGgArfM+\nmfgikuXr1usrS5fr0gdWa936RLHTpC/gmK023DrgJ+557shpeCDRB/dcoBP3WqDNhwfl5OTczN/q\nECpJvKQxycUa+eX/0ch3zlfy0C+kaEAb7iFO/VUg2nCLTfZ2ipnTGz9+/EOQA/LJmOKX7Kq5//OT\nGt5rkSJ1lGhQLtJG0zcANh4EaAC1Tf3TviSXqJN05BTphY70kR/9Tj/63YgGYknacFtAT/YKo/eJ\n3Ky4shupe0tH13ik1Jwk1oiLdNjug7rgwO01xw3IR1I8KaNtuBVkxk06V0mUdMakaEjrbrteq/75\nHPnRVYqTIfmo9y2Nk2/PyLsCPONSdezVLPZe62MpGpirzT74KQ392eHyiRTF3S/j6T1tpNc3U8Yu\nABgQoAG0yksaGevoZ0+t1V/d/pR+8/x6DUfdj+QluaEy9bToSd9qN8t2Ta53n3ZHzg1obCzR/jvM\n0acWbas/WTCogSie5Vc6u/eir1/5jEau/6bWXfMN+dhLbkhSR5FPt3vq8X6z5qpzT7p+buK/EteR\nIqeB9YPqDMea+/+epOE/P1bxZlsoitLflAgAzRGgAbQi8X78I3XSN+97Rl/95fN6anVHsUvGg7Of\nePbwlCzjo/FvH/RySdT9WsAZDdDdq5Sx9/KRG3+GyIZ3eg9MG/WJdpsf62P7bqtDd9lUA4rGv9Vw\nllx91oZH1EWK1HniET1/6fnq3H2n5MakpNvUiTZ84+PEhzjHX5t9R4iO1rtBDWm9Oi5WlGz464CL\nen/hSOR9rIFFh2rTv/iIBrfdSX58pYjSANpAgAbQmPdeSaej5es7Ouuu3+ua/1ytge7Np0qSSJEr\nDmIucooGxjTgIkVJPPki6AxxziuR1/pkQMn6sQ1R3vtUAovUiSJJYxqOOzrttTvqlL02VxS58QA9\nO27j6H5YMNH6n/1Iz33x49Kq1YoljcUduU4sjT/XOvEdOe/Gv2FwQKNRR4NxpNgNyc+iJ1p4JUoS\nSaOjirwf/3KX3hNcIvW+yzJRpAGtkXvpqzTvY19Q/LJXdp+c4mMSNIDGCNAAGvOSfMfriTXrtOQP\nq7TF8BwlPpE00P3TesnV5FjS9b95Xv/7oecVu4GJD+7NKCd1kjEdtss8HfuKLSZuFOjdSytJ0XiW\nlnPdWyMSr0U7ztNmcSQXTds3wZQav6iszvoRdR78D7k1L8hHA5KS8W9dzHkSiiSXdJ+8MXrbDRq9\n9Rr54Tlys+RQ4TvrFW//cm3y3tMVRVE3QHe/rrA3hZz38n5ASewVjY7KvXh7Rbvsodj78ds5emdo\ns6CTAGyUBma6AgA2fk6Sj7y2mzekxbtuKZd35dVr/D4BN/klSfc/O6IxxYpcR7Mj2CQa6wzoJZsN\n6c932kxSVHD7SfeFbqj2ci6ZVR9O637piBQNDit65evkvVcUUDWvRM47dR68W35sTBrue1UDOSnx\ncptsquE/fYM0npv9pPaeuKEjdduNU6REcvH4+7PnijqAjRMBGkArIhcp6V2dzZsg5xvhkvGruJ2k\nF3acnHez4ENrfuJDj278xtmoW72M3jcouvFYNjDz2T+j98183V8C7y33rntlvfeffayfnZO632Ep\nF3WvoLtJJ2Yu9f/di9ORJOfiSe8DQBMEaACtieTM9y/Pkou1GeP31CpsVbrTzcoVyVFdz+6j66ah\nKjVt6B2ND6DidZqd4wvAxo6/YwFoF4EFAPBHjgANAAAAGBCgAQAAAAMCNAAAAGBAgAYAAAAMCNAA\nAACAAQEaAAAAMCBAAwAAAAYEaAAAAMCAAA0AAAAYEKABAAAAAwI0AAAAYECABgAAAAwI0AAAAIAB\nARoAAAAwIEADAAAABgRoAAAAwIAADQAAABgQoAEAAAADAjQAAABgQIAGAAAADAjQAAAAgAEBGgAA\nADAgQAMAAAAGBGgAAADAgAANAAAAGBCgAQAAAAMCNAAAAGBAgAYAAAAMCNAAAACAAQEaAAAAMCBA\nAwAAAAYEaAAAAMCAAA0AAAAYEKABAAAAAwI0AAAAYECABgAAAAwI0AAAAIABARoAAAAwIEADAAAA\nBgRoAAAAwIAADQAAABgQoAEAAAADAjQAAABgQIAGAAAADAjQAAAAgAEBGgAAADAgQAMAAAAGBGgA\nAADAgAANAAAAGBCgAQAAAAMCNAAAAGBAgAaAKfxMVwAAMIsRoAFgCicnJ4koDQCYigANADm8vOQ0\nHqMBANiAAA0AWS6Wk5eXkydCAwAyCNAAkMN7z/0bAIBcBGgAyPBeclGsTqfTDdIAAKQQoAFgEq8o\nkXwkvTCacBEaADAFARoAAAAwIEADAAAABgRoAAAAwIAADQAAABgQoAEAAAADAjSAGdP7ihLvI/3/\n7N15nJ1Xfef57+88z12qVJKqtNiWLdmWjbGx5LDHdtsvjDFLg7sbTNOdpRPonk7IDG1m+jXpnjRD\nMs1MBkjCDAmTkAS6aRI6NJglCXQAAwaDN3iBF4LBq2xj2ZIsa5dqvfd5zm/+eJ57q0qSlwOW7pXq\n8369bEm1nntLuvW5p85zjuRyj3LrvWxQ+1+Y3IKs7Gg2moq49PbhiB4ULShMHazuC7byA4BFCGgA\nA9cIriDJbFgekqKyLNNcEVWUUXHQwzmevP6fu7pzHZlxEiMAHG5YvlsBWMKWt3MFcy18SBpkuJlX\n43AzyUy2lCZgTZJXvwRlgx4NAAwlAhrAwGUmuZukctBDkSR5MJkki0HRl9oMbJSZy2QKLokZaAA4\nAgENYAj4/ILoIeBeSmY60O1orlwqCzh60+wmucvNVYRymL4sADA0CGgAAxdUzfguqrUBLpuwes1G\n8DDQcRxf1v/VLUge5TNT/ZezFhoA5hHQAAam16btEGUmBW/Ov3KAvWYxKISg2Viqs2QCegErpSiF\n6Y4U6vXg9U4cg10PTsQDGA4ENICB6eXQsnZTJldUZ6Dj6XGT3FyzZVTpUb50pqGrUI4mN1cZukds\nJzj4JeG26BcAGAQCGsBQsAX/H7wqGjtlVBnjMFTjcWO9nUdilM9MKwvD9G3C1f+5xdJ5TgNgCA3T\nIyOApcYkKWr1SFAWwgAPT1mstKi8lDqlVEQpLIF+do/9+z+o+lrE6dn+Eo7h4AqKKrJc7pENQgAM\nzDA9MgJYonK5THHBI9Jgyyi4yd1UuKtTSkvhMEKzMH+hoLtCjApWKg7Jk5qeKFdzbKVCyJiEBjAw\nBDSAgWvnmZpZpvmHpCFIo5CrG6M6sbcV8hCM6ThxRZWzcyq7s4N+LnMEc5dlrWqZyaAHA2DJIqAB\nDFhQM0h55vLo0hAcnB0UJO+qiKaijAo2+DEdTy5JsVQobfHLBs1Mkqmb5fIFy6EXrY0GgOOAgAYw\nML08a+ZBo3m26DjvQe47HOWK7upGabasxhSX0HynSfLZKXlndtHLBs/kHjW6akImX7A7imlYRghg\naSCgAQxUdFdmppEsyM1kdRQN8oJCM8nN1C2jJrvV7HOVZ0thljMquit056RiTmbD822iWknjKkOz\n/koQzQAGY3geGQEsSe6mzEzNvDqkw4chitzkyhTdNNnpSoryWA56VMdJqGag5+YUux0N21YX7lFh\n2Yr6b0lvaQ1LOAAcXwQ0gAFz5UEazU0aoh0f3Eu5S/vnbEGaDc/4jrVidkreGa4ZaEmSZfJlY/Wi\njfnjx5mNBnA8DdkjI4Clo14aYabMpBXNbNFrB52qZqbSpSdnupJcriBfIgequEzqTCt4MfCvw0Iu\nl2VN5WOrFDX4vyMAli4CGsCABMmrKGoEabydy606QloajvlEl2vPdCH3al3wkK1mOGZMLg+hPoFx\nsJm66C73KGUurRhf8LLjPSIAIKABDJJVsZYHaaKVS/KhOjXb3bV/rpCpMRRBfzzMn0Zo8hAGfrsX\n97FJWS4tH58fl9HQAI4/AhrAQJmZshA00XKZTFkcdLJpwcpa065ZlyvKzIdpifaxU++1rOlpRR+u\nCydNkrKGwsRqmay/1eHg/8YAWGoIaAADZjKPmmjlCjKZuQadRL1QDibtmilVxCV0kIq7LARpZko2\nZE8Y3F3WaCqMrVBU9YRmyIYIYIkgoAEMnJlpot1Q6HfzgLOoP46gfbNzOtCJChY06LA/flzd6UPV\nMo4hmnZ3l7KxlVJrZMFPCeKg/7YAWIIIaAADV3qmVa2gYFqwbdrgY9WCNFOY7tvfrV9y8qdab1lE\nKAvZMC1IV7XNYRxbpRDy/ot6+1YDwPFEQAMYqN6BGCvamUYbmdwXHo4xQPWpiHNRenD37DO//UnC\n3atQnZ6uD5QZFi6TK1u+QkEu91LD8gMLAEsPAQ1g4EzSeLuhFa1M5bAsN3aXu8tj1D175gY9muPO\nvasYBrsrilkV8L1lJNFcYXy1qm9d1cWd1RsOaoQAlioCGsDAmUnjLdNEW4pDVEMmUyMEfW/3nIqy\n2gd6KUx2eowK3VkFl8IAb7B7dbB7f1mJgrJVp9RRvfDb11L4qgAYJgQ0gMFzaSSLOn1ZU6UPy4Si\nyyXlIegnB2f0xFS3Okxl0MM61jxKRaliekY2JF+LKFeQFDOTrz5F0nxUV4ZhlACWEgIawOAFk1mm\ns1e0VRSlZH5YIA1C1huapqdd9+6blsuHaleKY8Olsqs4dUBxSL5DmEsduTLL1Vx9Wv3SIDvpvxYA\nhtWQPDwCWMpcLpfpnHGrV7UOw/Zp1UiqkQXdvaeUKWhJnOfdnZMd2js8p0IGKbMgtUdky1dVe1Wb\nS5YPemQAligCGsDAVUsFXGePN7UsC4oqVQXsoHfiqIbQaGe6Z9esZrqlotcnEg66748RM1PsdhQP\nHaguohz4E5kel1pt2eiY5HEIfkIBYCkjoAEMXqxmep+/oq12K5NFq1e1Dibe+ifweTWuUZPu3zet\nHZOFFKOi4vzs7LD05XPEFRQ7s4qTB2XDctJfDNVPApatlNqj9dINAhrA4BDQAAavfiRa2ZQ2jve2\nshvcw5Mv2mA4KHpXu2ZMWw51FUKoR1an5UnScb3ZZjOT79sln9ynBUdDDpQFr35KseoU2eiyQQ8H\nAAhoAINnUnXqnWXatKqpspqSHgImyVTKNFu47tgxrSip9Dg/S32SqJZEVDeq3PaI1J1TFrPBDqrm\nilI05avWykZG5YFvXQAGi0chAANnFuRmkkkXrhqRsvrPAxer/zyTFHXT9kl1YyGTyc2Ho/GfM7Fe\n7+wqHr5PVrjiQL8E1b1bPbkK8jIqnHq6LG/qpJn2B3DCIqABDIXMTCbTz58yopUNl1s5wNH0ttGb\nf4h0M923t6s7dxYKZnK3k2sW2k1mQYou3/JDuQVJxQAHtGAVvJlMXYVTzpTJuIAQwMAR0ACGRnRp\nw8pc568YrY/OGJTeNnrzoRYkdYuoj929b35nipPoQkJXlCuq2Pm4uo8/LGVB5jYEc71eBXSeK1t9\nuoZmUxAASxoBDWCoLGsGvfyMsfpPvYeoQWWc92eZXa4sN3350QP6+71z1ZhOmpirlqq4m+Z+eKt8\n6oCCZRr0uYvVLiAmj6XCyITCujMGPiYAkAhoAMOgDtFgUqagy9Y1tCJzWX8XiLjgjY9vQC08TKQR\nTV6aPnPfQXXjgq3sToKmix5ksVS8/RvVUg4f/JkxbtXFjVYW0hlnK0ysGfiYAEAioAEMg34URblc\nm9eO6Hmr2ipjdZjK4sM84pHvf5yUFtXOM33z0QO6Z8+03F3xpFhTYIoudZ/cqrkH7paa7Wrni4GP\nyiQzedFR8/mbZaGhk+3STQAnJgIawOD1mygomGl1K9cbz12u6U5U7iazvNoHeOCzj0HNWGrbtOvz\n90+qG7sq3avF2ycw92rm3++9S+XBvf07etC3yuWSu9wyNc97odxN4WSY7gdwwiOgAQzewu0s3OVy\n/eNzVmjjyqamgyuqK1msLyAbXECVkmYlZZI+t+Wgfri7VFZvaXeickmKrrI7pc7d35GHass+yWQ+\nBN8i3OVjKxVe8FLFk2nZOYAT2hA8OgJAHcWuat2zmdaMZHrni1cqd5cpKGrQh3qYckkWcplck0Wh\n/3DTLm2bmpWrmsWNPvwLDHrjVD1x7h6rJzC7d6q4/25lJrnXh6rYIJdxVIfpxFioue5MhdWn1d+w\nmIEGMHgENIDhYZIpKNQHq1y9cVwXTbTlUbJ6VnSQqh0gSrky5SHT/Xum9X9/d6cOdcp6GzjJhnhN\ntKs6RVGxWmvuKmUuxZCpe8/tKnc9LsVMNgwz6h7kcgVF6dwLFUKol8oMwdgALHkENIChY5Lk0sSI\n6S3nr1AzV/1oNfiIrpi8jGrlpa5/bFafuHu/OuWsFKtL77ye4R1KLs0UkpdRVl+SF4pCszf8tVR0\nFORDsNZc9T7gHcWsqebmi6sdTywedkEpAAwGAQ1gKJmZ5EFXnTWmF0w0FetZ6MHuDtGLtyi3oCLm\n8ij9+Y/26lP3zqisXxfNFauUHthIF4oeFT3KPer2Jyf1yKEpeVadpiiTZu/4proP3S3lLblJsRz8\nDhyyUiFkshWr1DzzPCnGaku7IYh7ACCgAQyd3hmAZqYzxnL9658b11y3itbBNqkt/p1J5qZDXen/\n+v6T+v/u3KmZwqRScu8Ozal5sT4V/WsPT+tb22Z05thItfbZXT49pZnPfEQhljJVs+dmvW8Ng7sB\nwU2lpGzdWQor10qKMssWjA0ABodHIgBDp76ErV+pbzxnXNdsbKhblgphcFG3cPmAyapZcpmkKItR\nf3TnIf3H727X3k4pKR94QPfWPJdW6JP37tU7btyhXzp/jUZbmYKVcrk637tR5UN3SXmjjueF55MP\nbro3WibzQtn5L1JYuUqmbEjm8wGAgAYwpEzV7K6Zyc307ss36NyJVh2xg0kpW7B+YH6/jWqD6tIz\nZZnrM/dO6te+8ZhufOyQJotS7t4/cMXl9cxvymd9+jf2/kh6H1+KsVorHKPrx7tn9b/ftEcf+N4+\nffx1p2r9svpDeiYd3K/Ot/5aylqyePgh2QNeK2Gl3NpqnfdzUgjyYIMeEQD0EdAAhpaZlJkpSDpj\nWVPXvnC1mlmuYEF1BQ50fL0Zaeud6e3VceTff6LQ/3LjDr3rlu363pOz1SusVIyx2jruuRi398ZQ\njaOMXRUe5Solcz0+2dEf3rFL//qGHfr8lgP6V5tX6BUbxiQPCnLJMnXvvFnd+34gz3IN+r5czKRY\nKp9Yq8Z5F0kLn6wAwBDIBz0AAHgmZqYiut5wzphu3DqpLzw8pVbW2694WFRjKZWpGQvNdYP+5v5Z\n/fWWx/TaM1v69YvW6MWnjqgdTLKo6KE6Wa9eBXL0W9JbRuGLPkd/xtlN0V2ZuWRNyaMemSz0hfsO\n6i/v2asnp6Oa7VKXbxjXr25eo7koNa0jea5Yzmnmbz6msphSI7YUh2k6xaRybk6Nl14hW72u9yIN\nfFYcAGoENIAhVS17qFYbu5rB1QiZfuvn1+r+fXN6cH9UblGHLzwYnCp0M48qzVSaq9mott372qNT\nuumxWT1vVVsXn9LSi09t66yVLa1t55poB402gvL6+kh3e4rVx9bfn9ndNFe6DswV2jtTaud0oR/v\nntF3d0zrrl0d7ZkplOWmZi6dPdrWu1+2WuMtV+aZ3HPFstDUf/2Aiq33KzSbKkI5FEdkV7e7emKQ\ntdpadsWbFVUqUxDxDGCYmLOpJoChVG+91u3Is6aykElW7Vx8/94Z/frXdmjrwc6Q7sqwcL9qq9Pa\n+xcVNoNptG1a08q0frSlNWOZTh/JtHokaEWroTxIjdw01mioiFEzcx11JR3smg7OFto9U2r71Jx2\nTklPTHd0oFNoulst56i2equWQJy+ItdHr9qgTWtb1ZpymcoyqnP7DZr6g3dKAz/dcYF6+Uspl5dd\n5Zsu0cT/+XF5yBR60/QAMCSYgQYwtKIy+fbHZCvG5eNrFeqdLy6YaOn9l6/T27/+uOaiq3BJ0Rdd\n5Hd89ZZZBFXHJtaHTrvk1lty0du1w9V16dCM6dBMqQf2HVTh1V7NnSjFwqQQpRDVVFBUrk4Zqxfl\npmCullx5ZgpBCllDsTQFD3KLcpNyudrthv7oFafrwlWN3meXx0Jx9xOave5PFTNXKAdzbx2VSR2L\nykKmLDbUvPKfSFlDXka5DfJrCwBHGsapGwCQZMrKUhoZ1dzNX5G6neoQFXcVCrp0XVvvvmS1cnNZ\nlCwMMrDmD1iZnyj1Kp594Trm+f+iF3KVyrKgVhY0mjc00WxozWiuNe2mVrXaWt5sarxhWrusodXL\nGppoBa1o5Wo2G8pCLlemsj70xC3KzGXR1c5M77l4lV562oikUuau6KXk0tSXP6Hy0fvksV2Pc3jC\nNHimUBbyM85Wa/PFkpeyXP0nJAAwLHhUAjCkqu3r8tWnyWZnNfX5D8u92tc4mCuT6Z8/f0K/d8Vp\nWt6MUqxme4dnp4b6sjfrxbMteLnVy1FMiia51RcESmX9n0dVf5YpltV68Ogmrw847K0Ot97DuEll\n6RofCfqDK9bqjc8bV+aSQiYvq6nw6W99Tt2vfFbmkryoxzPY+8sWffood6n5on+gfOJUmZnCgtXZ\nrDgEMCwIaABDy8xllqn1mms097d/qbk7blDwslqOYK5cpmvOHdcfXble7ZYr1BebLfxxvw1tcx2+\nrvenG+j8VnpB48syffTVp+sNG1cqt+o+kqoLGmfvvkXTf/QuKU6rmwXl/bAfrPmNVEwNSd4YU/Pi\n10mNxhEzzyzjADAsCGgAQ6uwTNFKhYlT1Lzm1zT9Fx9U59Et8iJWZRxKFTHqyjNH9KFXnKrT2tVa\nYlfs77UcT6roqpZ/mKw6ZMalYNXM9Dkrg/70ynV6+WnLFBWlUFarsstS/pMHNPdfPiBvNSVvqBFd\n5gtnxQendxBMNFenKJS/9GI1zt88DEMDgKdEQAMYWg0zhVBd69x+7S9IHjX9Fx9QnDnYn1nOzRSU\n6XVnj+vPX3uGLl03plgGZTLJyurQEB2+jOJEZnIV8lDKzVW69LqNY/rTV5+hy08fq5Y9WNZfjh0n\n92vyE7+v7vYtMuUKqrb+i/XHGjirtim0WCpvjWj0ml+XNVqDHhUAPC0CGsAQq7eDM6mxcrVaV75R\nxQ9v0cH3v0PF7CHFWG/DVm/dduHqpj581Tq95fxRTRYuV3URnR9xIMmJydyqJQ9mUhxR10td+6IJ\nffCK1Xr+iqbMqryWS+6Z4tRB7Xvf/yj/wa2Kqk4gXHgPVG872PskqlRwk0pX/sp/osbzfq6/Hd8J\n/uUCcBIjoAEMsXo7OEmlRTUueY3srPNU/ug2TX/0/bLJPXKPkkdFd+UWNDGS6b2Xr9MfXD6uU1ul\negex2KLZ1iGYeU3m8lBFdFDQWSu6+rNXnar/9eVrNZq3ZFm1R7bc5V7K9+7Q5Id/W/Ge7ys2W8pi\nlGJcdNNdqmJ8gDJliiqlU9Zp5OpfkdzqywZNiw+apKYBDA/2gQZwAjBlIVM47Wy1X/kmTT18n7rf\n+bImG7lG3/rvFJatqLaECw3lkrIs6G2bT9GLTlmuj/1or65/ZFazcU55llfHf/vCg04Wf57K8Yi1\nlCUlriDTbNnVRKupN5+3Um+7cLnOGR9RMFM1WWuKsdqiI+56TAc/9vvSHTfJRsZksbq9PlSzuta/\nwjNappHLX6/GurOqnrf5J06L3h4AhgQnEQIYeu5RZYxVXE3P6MC7fkm29R51LVf+wpdr5W/+sWzZ\nuEIW6revOrEoSxVRumX7pH73+7v14O6u2g1TcFd1hojJLFSz2JKqGe94tCEcw9tW76LxFDPBwVyF\nm+aKQj9/+oje/fLT9OJTWsrdpEapXI3+20aP6m7/iaZ+798oPvawLGsoeqEgkysMfEsSc1UrsBfe\nVjPZxKla+Z7/rLDuLIUwRKcjAsBTIKABnBBirHaVMJPmHrxHk+/5VVmno7I7rcYLX6llv/ZuNddv\nrILYTNFdFk1uUcGkyW6hv/zRpD7z4D5tPRQVXZK5zHuLPKKCS7LqMrvjpTcP3Tu1UOqNpzr6OzfT\nxvFM/2rTSv3z8yfUyOq9oK2r4E251au7Y6HZH31P0x99StfYxAAAIABJREFUj+LjD8ubbVlZPemI\n87tFD4z7fDgHr7bWk5nUndXov3m/2q/+pwq9meeTaucUACcjAhrAEDvKMgeXoqKmP/H/avaL/0UW\ngmIZZedcqOW//G+Vv+gySaWCBZnNz0jLqoNJth6c1dcfPaCvPDyru/fOabIb1TBTbqYyVNHai+rK\n8br4sBpzGaVCprFcetEpI7rm3OX6B2eM6swVzX5Ym+ZnrmN0ebejuRv/VtOf/3P5niekkMsUe0e5\nHIexPzvVPemKCjKLUlmoedkbNPbO35PypkIIxDOAEwIBDWD4uSSLkoLkUjd2pSd36ND/c63i1vuk\nsqkyK5SHTM1f/E2NveEX5Y22zBYfqhLd6+UdrgOdQj94YlrXPbBf39rW1d6ZrhqZqZlJplBvTtFb\nK30so666wDHGoOnCNTEivXZDW7/wgnFdtHZEKxvVKYVZNr+0wT32d+To7n1Cs3/xAXVv/e8qLFeI\nmYL1ZuurfTcWzm4PSvDq0EWT10tmTOHUjVr+H/9ctnaDgqmagaafAZwACGgAJxhX6aUsSrO3f1MH\nf/9aZVmQYqaYBTU7s7JX/zON/bN3KFt7uuq93SRZvUNFVIzVXGjIqlp76GDUDY/u0VcfndLDe6Om\nOqXmvFRm1WHZpVXrpoNLblbvXqEFE9O+4A+Lg/vw+Wuv/9+7ni+4NNLI9PyV0qs3Ltfrz1mlc1c0\nq92e600zglWnMkpWh73Li66KR+7R1H/6XRUP3C1vjSorOirrbe6y2FtvLA1DlVYrZqplHGWQPGtq\n9O2/rdEr3ixTqRjy+v4GgOFHQAM44US5LLo8Rk399Uc08+k/7i/XMJNiWSo/83yNXP1WNS+5Slq+\nQvJqNjYELVgRvCB63TVbFnpgb0f37yt0/+5p3bO/0LbJrvZMFzrULVXUO13kvQUevVlTlf2N8qr1\n11X0yqXSq9fKXY3M1DLX+EhTpy8LesHqtjavHtWFqxp6weqW2nm2YFe5+Zh0uTzW6e1R/uR2zd74\nGU1/7W9kB3YrhLyOeld0r7eBGy4ul1t1/9jsrEau/hW1f+XfKR9bMYSjBYCnR0ADOOH0H7Y8SkWh\nQx/5HXW++QXFLKsuBJQUQ6lgbTU2X6yRX7xW2XkXybyol3Xkh308SV4qKpPLlZmrG02T3ajpotT+\nuUIPH+jqkQMdPX6gox3ThXbOljo069o/21HpuaLH/g4TmUm5Si1vNbR6NNe6kVxnLG/pnJUtnb8y\n12nLcy1vBo01MzWDFN2UWb0viGULlp1UM9uxuuJRFlydb/ytpr74CRXbH5K8o8yr2xJ7F+m5D3xv\nZ6m6ENCjyUKsls1EyfOofK5UeOHFWvZbH1YYWVYvTRn8eAEgBQEN4ITTe9hyU7WUYc9OHfrDfy89\n+CNJsVrv66G66K6YUWw0NPqaX1brH/0LNU5ZL2XZ/F7D1juApPexS0lBpQWpXj+ch4ULMarfl15F\ndreMmi6iZguvdpqQq5VlWtYOyk1qB1uwjMKrj10W1UysmYJVa5zrfTeqwO/fzljtW92ZVfHQjzV9\n3Z9p7s5vKW81VQYpeFPmhY7Y1dpDvWZ88Pq3JUhlLKXTz9Hq93xU2ap1qpay5CKgAZxoCGgAJ5xq\nSzRJMpVeSFHqPvhDTX3w38t3PSYPeb1eWdU+w+4q4pzyU85WfvFVar7sSjXO3SQbWaYQTF4WspBX\nMd3f+GPhEgrNB7aqGd6wYIeQhWmthe+j3kVztng/kXo9cz/L69lj750iaEHmLj94QJ3771DnlutV\n/OBWFZO7FUJLoTeOITyefNFTjXqI1dk1pWzidI294/9Q+8VX1IdMHusLNAHg2CCgAZzAquUN0aJC\nlMpH79XB9/7PKvduk7JMwXsbuZUqrSmLHQVJ5WhbjedfrPYV/1jNl79CNrJcodowWa5YT06bdJx2\nT/ZYVjt/1Nc7dif3qnvL9Zq76UsqHr5bsehIniv3TEU2p8yrHTmGYXeNpxODKfPq9rm5Vvxvf6rG\niy9TaLSGYpkJAPy0CGgAJ6R6Twq5SrlXM7YWgrp//10d/MPfVJzcX83xxmori3qzOEUzSZlUzKqI\nXS1bc5bsFVercfkb1D79TCkfkTUa1cV4vUne0Fta3Jsx7e3GfJT5095G0lK1NMNM/dMNqylxuWK1\nI4hcwTJ50ZW6c5p9fIu63/47dW/+orp7nlCjOarYaMmKrkxRhZnymMnD8D5sL5xpt+iKJqnR1PJr\n36/m5f9Qiq6QcdoggBMbAQ3gpBHLQvKo2e99UzP/+fdU7t+uYHkVz1avFK53nLN6aYHKKI+FfGS5\nmmecLXveRcrP3azG6WfJ1qxTNrFG1myp2kjD67XLUrUEw+p1z5VeVlu91Z33jj7pX/QoSZnkHRUH\n9st2b1exY6uKB36oeP8d6mx7SD4zLcsyWcjrd6n2fD76QpFhUI3N6vvGe7faJI9R2fgajfzSv9XI\nq66ROCgFwEmCgAZw0ihdstiVu1Q++GNNfei31HniEWXZYbtuaHGGVif7xWqO2iQLmeLIqPLx1crX\nrFc4bYOy9ecorF2nbHyNbPU6admYlOcKodkP59g7JVDVgSBelgrdjuLkXhV7d8mf3Cbf/hMVjz2k\ncvuj8l3bVXam5eWs1O0qZO3ejnr1xYXza6NPFFEmD6VC4bLRtpZf+wdqvOQVCq22hi/+AeCnQ0AD\nOGnEKEVzhViqzDJp+6M69IFrVW7domBZtdVbnc+99cO9h8AgqXCXQlBmJpnLo8nLOakoZEUhD5nU\nakutlkJ7hfKxcWliQrHRVNYeUWiPSJ1C5dRBqeyoOHRQcf9ehakDCnOz6s7OVDHfDPKsIQ+ZsvpU\nvq678nqXDmnx+marD3AZtgsGpWpssXexZr1fdXBXd806rf3tj8g3nCvzUlnWHPRQAeA5Q0ADOIks\n2BnDq8NNiq1bNP3fPqjuHd9W3aoKIUhx/ojr/g4Y/eNQKmFBHLpV0V1taFxvbKwolap20VCsVzqH\nOiajqlNbsnqziVCfrlKtDfbDRlwdfzIcW889e/V0eT3rbLH6c3jRJVr2K7+p1jmb6uUzzDwDOLkQ\n0ABOMlXQRbmiFwoxqJw6oO4N12nq8x+Tzx5SsLxetjG/rthMRyyVeMZdLvqTwrZodcLCj714CUYv\nl4+cTR72HTWeTrV0pZCHtkb+4S+p+cZ/qXxirbKQs9sGgJMSAQ3gpFTtqVxdLRjLQiHkKu66VZN/\n/B9U7HtCarQU3OXm9UV6dd72TvN7po9f/7rgPft/XvS6Z7uG2YNkpXTCrBOu5uuDgix2VSwf1+jb\nf1fty18rix3JQ3/t+eFrzgHgREdAAzjp9U8aNKm741HNfPbPVHzvmyqnJ+vlBYuXblTvNBxHYh8v\niyLXbX4rvgUvN9Vrseu1MK5C3hxVY9MlGv2F/0n58zYpO+yYdAA4GRHQAJYMd1eMpdSZU+cHN2vq\nix9Tec8dsqyhEPJFM8/DecneYFXb81UBXZRzam7crJE3/Q/KX/JKZaNjcvkRO54AwMmIgAZw8usd\nKe0u9yhXKSmTuWv2+k9q6tMflg7ulVpthaJ6l2hRUlBvR+elZsGJ5vLosqzaODt25pQ1Gsr+0Vs1\n9k/fLlu2spqRrg+ZIaABLAUENIAlxPsnClYPfVFyU3fbFs1+5VPVso79T1bHgmfVASbmvYv+Tnbz\nK7e9d+hMtSm2TF1FN9nKcTVfdIXaV/+qmudu6s/Ss8sGgKWGgAawJLlUHacdqy3oyrKUb31Qc9+/\nQbO3fEXl4w+poaCymVcRfZI/VPaXrLjJs6gsBpWxlMU5ZWs3Kr/0SrUvfb3Cxgtk7bZMQWaBCwQB\nLEkENIAlpXe6nxSrWdUoxVBK0ZVFKQZTnD6oue98RXNf/CvFR+6TZ3l1nHd1nvegb8LPpNp1r3e0\nuNVLVNTfUaO0TCoOybul/LQztPy1v6zGq96kxqrTFF313tamYEdcdgkASwYBDWDJ6h1nsigFo/f3\nYy5nJtX9wW3qfPdrKu+/Q+X+vVK3K3OvDgy0INf8Uo/+Ps4LdrE44nO6V8d0p4xzwfs83dHeT7eX\n9Pyx4NX67sxNrii3TPKooKDYMGVjK5U/70Vq/PxVar/8SoXlq9Rb3uF2xL0FAEsSAQ0Ah3EvpVjv\nOCGXx1LFjofkP3lQ3XvvVPnA36u742HZoUm5uZTlspDVu1T0P0jqZ5X6B4339BZWPAcLJSxU44tF\ndfvKQq6g0F6mcOrZyp93gZqbXqqw8QUK6zYqtEakaqFGffYL2QwAPQQ0ABzGo1SGQpnXSxvMFMuy\nOo67LOVzM4q7n9Dsj78n/fA2dR+4W3HvLvnstLzZVJY35CFIIcgUqmA1n18+Eqskzlwq6y6dz9Pq\nITnUs8n9S/u82hEkyupXej/wg7mih+rtzOQhU3BXNFeIUbGMUjmn2O3IG6PKV66Szn2hll30MmUX\nXaxs3VnyVlshb8g9VmO2KFdQHrLjd8cDwAmCgAaAo5ifD16wO4VXL/P66O/qDV1x5pA6j2yRtv5Y\nxWNbNPv4TxT27ZYf2i+fm5GXpVSWsujy4HJ5dQqiTKrXEgd3lSaFevlHdSah1csyrD4uu9odw+qw\n742yH9+9DUNCkGUNeaOtbPkKaXy1wunnqnnmOcrPvEC28UJly8cVrL6VHutlKb2Pmek5mfUGgJMU\nAQ0AT+koEdl/Ue+CwiqpS3cF1a+b68gP7ZUf3C8/tF/x4B4VB/YqHtwnP7hHPnlA5fSUNDstdWal\nblfe6VbLQeZmFWKpsqrk6mO6ySyTtZvyYAohlzea8lZLobVMvmy5srHlCssnpBVrlI2vko2NK1sx\nobhipfIVq2St0Tq5o8yC+ntc21LZpg8AnjsENAA8C087H+suV6x/7c0J1y9TmD/BL5aysqiWgUSX\nYrc6g8SjPFYz0150FcpS0eoNL7z3kYKyRlNFvQNGsCAPmSwEKWTVG2eZLOTyYFKM9aExUSE05NEV\nQm9cQcHsaW7V088+MzcNYKkjoAHgmKqXgdQhXG1lEatNOszmd7boHfv3DGnq7vO70Hm9rGPhDh3q\nXe8XjtHtAQAQ0AAwRJ5yizp2wQCAoZEPegAAgHkpocxSCgAYDH7GBwAnKOIZAAaDgAYAAAASENAA\nAABAAgIaAAAASEBAAwAAAAkIaAAAACABAQ0AAAAkIKABAACABAQ0AAAAkICABgAAABIQ0AAAAEAC\nAhoAAABIQEADAAAACQhoAAAAIAEBDQAAACQgoAEAAIAEBDQAAACQgIAGAAAAEhDQAAAAQAICGgAA\nAEhAQAMAAAAJCGgAAAAgAQENAAAAJCCgAQAAgAQENAAAAJCAgAYAAAASENAAAABAAgIaAAAASEBA\nAwAAAAkIaAAAACABAQ0AAAAkIKABAACABAQ0AAAAkICABgAAABIQ0AAAAEACAhoAAABIQEADAAAA\nCQhoAAAAIAEBDQAAACQgoAEAAIAEBDQAAACQgIAGAAAAEhDQAAAAQAICGgAAAEhAQAMAAAAJCGgA\nAAAgAQENAAAAJCCgAQAAgAQENAAAAJCAgAYAAAASENAAAABAAgIaAAAASEBAAwAAAAkIaAAAACAB\nAQ0AAAAkIKABAACABAQ0AAAAkICABgAAABIQ0AAAAEACAhoAAABIQEADAAAACQhoAAAAIAEBDQAA\nACQgoAEAAIAEBDQAAACQgIAGAAAAEhDQAAAAQAICGgAAAEhAQAMAAAAJCGgAAAAgAQENAAAAJCCg\nAQAAgAQENAAAAJCAgAYAAAASENAAAABAAgIaAAAASEBAAwAAAAkIaAAAACABAQ0AAAAkIKABAACA\nBAQ0AAAAkICABgAAABIQ0AAAAEACAhoAAABIQEADAAAACQhoAAAAIAEBDQAAACQgoAEAAIAEBDQA\nAACQgIAGAAAAEhDQAAAAQAICGgAAAEhAQAMAAAAJCGgAAAAgAQENAAAAJCCgAQAAgAQENAAAAJCA\ngAYAAAASENAAAABAAgIaAAAASEBAAwAAAAkIaAAAACABAQ0AAAAkIKABAACABAQ0AAAAkICABgAA\nABIQ0AAAAEACAhoAAABIQEADAAAACQhoAAAAIAEBDQAAACQgoAEAAIAEBDQAAACQgIAGAAAAEhDQ\nAAAAQAICGgAAAEhAQAMAAAAJCGgAAAAgAQENAAAAJCCgAQAAgAQENAAAAJCAgAYAAAASENAAAABA\nAgIaAAAASEBAAwAAAAkIaAAAACABAQ0AAAAkIKABAACABAQ0AAAAkICABgAAABIQ0AAAAEACAhoA\nAABIQEADAAAACQhoAAAAIAEBDQAAACQgoAEAAIAEBDQAAACQgIAGAAAAEhDQAAAAQAICGgAAAEhA\nQAMAAAAJCGgAAAAgAQENAAAAJCCgAQAAgAQENAAAAJCAgAYAAAASENAAAABAAgIaAAAASEBAAwAA\nAAkIaAAAACABAQ0AAAAkIKABAACABAQ0AAAAkICABgAAABIQ0AAAAEACAhoAAABIQEADAAAACQho\nAAAAIAEBDQAAACQgoAEAAIAEBDQAAACQgIAGAAAAEhDQAAAAQAICGgAAAEhAQAMAAAAJCGgAAAAg\nAQENAAAAJCCgAQAAgAQENAAAAJCAgAYAAAASENAAAABAAgIaAAAASEBAAwAAAAkIaAAAACABAQ0A\nAAAkIKABAACABAQ0AAAAkICABgAAABIQ0AAAAEACAhoAAABIQEADAAAACQhoAAAAIAEBDQAAACQg\noAEAAIAEBDQAAACQgIAGAAAAEhDQAAAAQAICGgAAAEhAQAMAAAAJCGgAAAAgAQENAAAAJCCgAQAA\ngAQENAAAAJCAgAYAAAASENAAAABAAgIaAAAASEBAAwAAAAkIaAAAACABAQ0AAAAkIKABAACABAQ0\nAAAAkICABgAAABIQ0AAAAEACAhoAAABIQEADAAAACQhoAAAAIAEBDQAAACQgoAEAAIAEBDQAAACQ\ngIAGAAAAEhDQAAAAQAICGgAAAEhAQAMAAAAJCGgAAAAgAQENAAAAJCCgAQAAgAQENAAAAJCAgAYA\nAAASENAAAABAAgIaAAAASEBAAwAAAAkIaAAAACABAQ0AAAAkIKABAACABAQ0AAAAkICABgAAABIQ\n0AAAAEACAhoAAABIQEADAAAACQhoAAAAIAEBDQAAACQgoAEAAIAEBDQAAACQgIAGAAAAEhDQAAAA\nQAICGgAAAEhAQAMAAAAJCGgAAAAgAQENAAAAJCCgAQAAgAQENAAAAJCAgAYAAAASENAAAABAAgIa\nAAAASEBAAwAAAAkIaAAAACABAQ0AAAAkIKABAACABAQ0AAAAkICABgAAABIQ0AAAAEACAhoAAABI\nQEADAAAACQhoAAAAIAEBDQAAACQgoAEAAIAEBDQAAACQgIAGAAAAEhDQAAAAQAICGgAAAEhAQAMA\nAAAJCGgAAAAgAQENAAAAJCCgAQAAgAQENAAAAJCAgAYAAAASENAAAABAAgIaAAAASEBAAwAAAAkI\naAAAACABAQ0AAAAkIKABAACABAQ0AAAAkICABgAAABIQ0AAAAEACAhoAAABIQEADAAAACQhoAAAA\nIAEBDQAAACQgoAEAAIAEBDQAAACQgIAGAAAAEhDQAAAAQAICGgAAAEhAQAMAAAAJCGgAAAAgAQEN\nAAAAJCCgAQAAgAQENAAAAJCAgAYAAAASENAAAABAAgIaAAAASEBAAwAAAAkIaAAAACABAQ0AAAAk\nIKABAACABAQ0AAAAkICABgAAABIQ0AAAAEACAhoAAABIQEADAAAACQhoAAAAIAEBDQAAACQgoAEA\nAIAEBDQAAACQgIAGAAAAEhDQAAAAQAICGgAAAEhAQAMAAAAJCGgAAAAgAQENAAAAJCCgAQAAgAQE\nNAAAAJCAgAYAAAASENAAAABAAgIaAAAASEBAAwAAAAkIaAAAACABAQ0AAAAkIKABAACABAQ0AAAA\nkICABgAAABIQ0AAAAEACAhoAAABIQEADAAAACQhoAAAAIAEBDQAAACQgoAEAAIAEBDQAAACQgIAG\nAAAAEhDQAAAAQAICGgAAAEhAQAMAAAAJCGgAAAAgAQENAAAAJCCgAQAAgAQENAAAAJCAgAYAAAAS\nENAAAABAAgIaAAAASEBAAwAAAAkIaAAAACABAQ0AAAAkIKABAACABAQ0AAAAkICABgAAABIQ0AAA\nAEACAhoAAABIQEADAAAACQhoAAAAIAEBDQAAACQgoAEAAIAEBDQAAACQgIAGAAAAEhDQAAAAQAIC\nGgAAAEhAQAMAAAAJCGgAAAAgAQENAAAAJCCgAQAAgAQENAAAAJCAgAYAAAASENAAAABAAgIaAAAA\nSEBAAwAAAAkIaAAAACABAQ0AAAAkIKABAACABAQ0AAAAkICABgAAABIQ0AAAAEACAhoAAABIQEAD\nAAAACQhoAAAAIAEBDQAAACQgoAEAAIAEBDQAAACQgIAGAAAAEhDQAAAAQAICGgAAAEhAQAMAAAAJ\nCGgAAAAgAQENAAAAJCCgAQAAgAQENAAAAJCAgAYAAAASENAAAABAAgIaAAAASEBAAwAAAAkIaAAA\nACABAQ0AAAAkIKABAACABAQ0AAAAkICABgAAABIQ0AAAAEACAhoAAABIQEADAAAACfJBDwBYity9\n//sYo8xMIQS5u8zsOf9cz9XHHPbxpX78Y/25B/35enp/x3pjkKQQTq75k97t6v3au73H+v7ufU2P\nx9f2aJ9j4WNJzyD+jgFLjfnR/vUBeE71vvH1Qqb3DXfh6xa+7FhE6uGe7ec4/H1/2vdLed/DP85S\niNxjqfe12LVrl3bv3q1ms6mNGzcqy7IBj+y54+7auXOn9u7dq3a7rbPOOqv/JOFk/XoufMw4muMV\n9sBSxAw0cAwcLYTdvT/LvG3bNj388MM6cOCAQghqt9vasGGDNmzYoHa73X/7n/Ub38I4P9r4jva2\nC//cG/PTvd3RPo509GhJma2LMSqE8DPdB0VRqCgKSerfr0+n0+n0P2+z2fypP++w6d3ft956qz7z\nmc9o3bp1et/73nfSBHTv79wNN9ygL33pSzr77LP1O7/zO2q1WsfsNsYYNTc3JzNTo9F41p+nKAp1\nu12Z2bP6O9mz8El479/k5OSkdu7cqX379qnT6WjlypU67bTTtHr16v77Ec/AsUFAA8fAwlCUqm+2\nO3bs0J133qnbb79du3btUrfbVVmWkqofp2dZplWrVmnTpk265JJLtH79erVareQfRS/8nPv379fO\nnTu1fft27d27V5K0du3afqz3IvFoM1kxRu3Zs0dbt27Vtm3b1O12tXr1ap199tlav3698jxfNK5e\ncMcY+5/ziSee0PT0tNrtttatW6cNGzZo7dq1R4Rx7317sR9j1IEDB7R161Z1u12deuqp2rBhw7O+\n/3uR8aUvfUlf/epXNTo6qve+971qNptPez9+5CMf0d13362LLrpI73znOxfFyrP1TDOCx9PhT6Aa\njYba7bZardazvl2H/6Sk9/thXAKS57lGRkb6/26OZTw/8sgj+tCHPiQz05ve9Ca98pWvlPTUX+Pe\n/XjTTTfps5/9rEZGRvS+973vWUV07ydX7q7du3fr7rvv1l133aXHH39c09PTix5HGo2G1qxZo9e+\n9rW69NJLf+YnoQCOjoAGjoGFoVGWpb75zW/qpptu0s6dO7Vs2TJt3rxZGzdu1Pj4uKRqJmn79u16\n8MEH9e1vf1t33XWXXvKSl+h1r3ud1qxZ86yXdvRCtCgK3XbbbfrOd76jbdu2aXp6WlL1jbjVamn5\n8uW68MILdc0112h8fPyIOIox6q677tL111+v7du3979Bu7vGx8d12WWX6eqrr+5HdO91O3fu1I03\n3qgf//jH/ScJvYBrt9tau3atXvWqV+nSSy89Yma89/u5uTl9//vf12233dYP6Fe/+tXasGHDs56V\n771NWZbqdrvqdrvP/EXT/Oxgb9b6ZwmPRx99VI888ojOOOMMnXfeeT/1x/lZHO0nD73/UszOzmrr\n1q169NFHdcEFFyQ9mTmeftrbl6oXs51ORyEExRif9fvGGNXpdPr/dlL+bd9xxx26/vrrtW3bNnU6\nHa1evVrnn3++xsfHlWWZDh06pD179mj79u3qdDqEM3AMEdDAMWBm/Xj71Kc+pZtvvlntdltXXnml\nrr76ao2NjSnLsiOidWZmRrfddpu++MUv6lvf+pa2bduma6+99ln/KLoXpbt379anP/1pdbtdrV+/\nXldeeaUmJia0d+9e3XnnndqzZ49uvfVWdbtdve1tb1Oj0Vi0XvThhx/WJz/5SU1NTemcc87R61//\nejUaDd166626/fbb9YUvfEFFUegtb3lL/3PHGPX1r39dX//617V8+XJt3rxZF1xwgUIIeuihh3TH\nHXdo586d+vSnP601a9bowgsvPCKIt2zZouuuu04/+clPFGM8YnYudVnLc7UEJlWn09EHP/hBHTx4\nUG9961v1/Oc/f9GFfCcSd9eWLVv04Q9/WN1uV+94xzu0fv36E/K2HCs/TbCn/GTJ3XXLLbfok5/8\npEIIWrZsmd7ylrfo0ksvXfRTql7Ib926VRMTE8/64wNIR0ADx0CMUWVZ6stf/rK+853v6JRTTtGb\n3/xmvfjFL1ae5/1gXnjxoLtrdHRUr3nNa3ThhRfquuuu03333ac/+ZM/0W/8xm/0Z6ufTu/jrFmz\nRldccYU2bNigSy65ZFF8X3XVVfqrv/or3Xvvvbrnnnv0wAMPaPPmzf3373Q6+tznPqfJyUlt2rRJ\nb3/72zU6OipJOu+887RixQrdfPPN+sY3vqFNmzbp/PPP7+8i8rKXvUy7du3Sm9/8Zp155pn9KL/q\nqqt033336eMf/7j27dunz372s3rXu96lRqOxaPw/+MEP9NBDD+mCCy7QZZddpq9+9avasWPHMbu4\n8pksXK99tKUMT/c+vbXth7/t4ctCFi5feaaxHM2HbisfAAAgAElEQVRPE29PtQb+qdaou7uazeYR\n4144tsM/ZsqTj4X/Bp5pN5qjjT11qc1T3WfDdNHdwidcW7Zs0d/93d8phKD169f//+3daXAU953G\n8Wcu3UISEhK6kMBYHBaHuJE5DOIwMZgji1nsTeK4Nqmlarf2Rbb2zWYrqXVebG2ta1+kyt5Uec06\njnFiFmwTDOEypyXARjaIQwdCCARCErqvkTTHvqC6M6MD6FgX9vdTpbItzXT/e3rG8/S/f/1rvfLK\nK+ZFkoGz3w6HQ3a7XU899dRIDRv4zhh9RWzAE874Ai4qKtJnn32m+Ph4vfbaa5o3b575Je/z+XT3\n7l2dP39eJ06c0Llz53Tnzh3zbykpKfrhD3+oGTNmqKysTJ988ok6OzsfKyzZbDY5nU5t2rSpT3iW\npJiYGK1evVper1fd3d2qqKgICk/nzp1TeXm5YmNjtWnTJoWHh5vPdTqdevbZZxUTEyOfz6fCwkJ5\nPB7zuZMnT9aOHTuUmZkZFIr8fr+mTp2qlStXyuFw6M6dO7p582afsc+aNUsvv/yyfvKTn2jRokVm\nmAp8bYdb7zBls9nkdrvV3t5ulrb09xzjIKn3cvoLZ4ElJ+3t7eru7u7Tlu1x+P1+dXZ2qqWlZcCx\nDTSGwOBo1KEHPtbn8wXVVAeW4PR3gGP8u9vtVnd3d7/rc7vdam5uNt/bgesdaPsM3d3d5vOs1HMb\ny/B6vWprawt6ra2UYgw1Y5u8Xq8OHjyoxsZGjRkzRj/60Y+UkZER9LjAHwDDgxloYAh0dHRo9+7d\n8vl82rZtW9ApfK/Xq48++kinT582a5NtNptCQkK0dOlSbdy4UWFhYYqPj9fmzZt148YNFRYWavbs\n2Zo5c+ZD1xs4g2ac2u2vE8eECRMUHR2tlpYW1dfXmzN4Ho9HZ8+eld1uV0ZGhhITE4MCis1mU0pK\nijIyMlRXV6eKigq1tLSYNZgulyvo4sLAYGWz2fTUU08pNDRUjY2Nqqur0+TJk82/S9LkyZPN3wU+\ndyTbkQWGritXrujUqVO6e/eufD6foqOjNXXqVC1ZskSJiYlqaGjQp59+KrfbbdZ/FxQU6ObNm/J6\nvXK5XHr55ZfNmXdj39y6dUv5+fkqLy9XW1ubXC6Xxo8frwULFignJ2fA7Tb22/3795Wfn6+ysjI1\nNjbK6/UqMjJSGRkZWrhwYVAN9kDhuaurS8ePH1d1dbUkadWqVWptbdWpU6fU1dVlhsvPPvtMX3/9\ntSQpMTFRK1euVHh4uEpLS3Xq1CmFh4dr27Ztampq0v79+3X9+nXl5uZq3bp1stlsamtr04ULF3Tp\n0iXV1taqp6dHLpdLGRkZysvL08SJE/udBTb2QUlJiU6ePKk7d+7I4/EoLi5O8+fP14IFCx56sGH8\nraGhQSdPnlRxcbGam5sVEhKi9PR0LV++XFOmTBmRg7T+GP+/uHLliq5cuSK73a4XX3xRaWlpoyro\nA99VBGhgEBlhKz8/X/fu3VNubq6ysrLk9Xplt9vV1dWl3/3ud/r8888VGRmpzMxMRUVFqbm5WbW1\ntTp+/LjCwsK0YcMGSVJqaqrWrVun3bt366uvvtLUqVPldDofeWV9YGB+2Iyn9KAzgxF26+vrVVNT\nI4fDYbbU6/18u92uzMxMFRQUqLm5We3t7YqPjx9wff2VPxjdAgYalzET+ZfMwg6W3us8cOCAPv30\nUzOcOp1OVVdX68aNG4qKitKqVavU3t6uwsJCdXR0mDOClZWVunXrlnkB57Zt2+R0OuXz+dTT06Oj\nR4/qyJEjam1tVWRkpMLDw9XR0aG7d++qsLBQM2bM0LZt25SYmNhnxre7u1unT5/WwYMH1dDQoNDQ\nUPPAqbW1VSUlJYqKijIPSnpvV+AZgpMnT2rfvn3q6enR2rVrlZycrOvXr+vs2bOKjIw0n1dWVibp\nwT6aNGmSlixZovDwcN2/f18FBQWKiorSsmXL9L//+7+6efOmnE6nOjo65Pf71draqrfffltXr15V\nSEiIIiIi5HQ61dzcrHPnzqmwsFDbtm3TkiVL+sxwu91uHThwQMeOHZPb7TZfq9u3b6ukpETXrl0z\nS43620av16sLFy5oz549qq+vV0xMjKKjo9XR0aEvvvhChYWF+t73vqc1a9YE1RWPFONzk5+fL6/X\nq+TkZM2aNUuS6KwBjAIEaGCQGF/UbrdbFy9eVGhoqHJycoJC6Pnz55Wfn6+YmBitXbtWixcvVmRk\npJqbm/XZZ5/p0KFDOnPmjJYuXaqxY8dKkpYsWaITJ06opKREHR0dj6yFfpwv1vv376ujo0MOh0NJ\nSUlmqURDQ4PcbrfZUq93CYWxnYmJiZJkljIMtM7edbS1tbVyu90KDw9XSkpKv2F7tDBCvHFR5cGD\nB+V0OrV+/XpNnz5dLpdLLS0tunnzpqZNmya73W6W63R1dendd99Vd3e3li5dqhkzZpgz+caBg8/n\n0yeffKITJ07I4XBo3bp1ys7OVnR0tLq6ulRcXKzjx4+rqKhIXV1devXVV5WQkBAUKg8ePKijR4+q\np6dHs2fP1rx585SYmCin06n29nbdunXroTPYhvz8fO3fv18Oh0MbNmzQ6tWr5XK5NHPmTP3jP/6j\n7ty5o8OHD8vr9WrNmjWaNGmSJCkyMtIMreHh4QoLC1NERIQOHTqk2tpaLVy4UBMmTDBLekJDQzV5\n8mRNmTJFkyZNUnR0tOx2uxoaGnTixAlduXJFn3zyidLS0sw6XuNzdfDgQR05ckR2u13Lli3T/Pnz\nFRsbK7fbrWvXrunkyZPyeDx9+ncHnj348MMP5Xa79cILL2jOnDmKjo5WZ2enLl68qKNHj+rAgQOK\njo7WsmXLRsVNWDo6OlRRUSGHw6HU1NSgtpMARhYBGhgkxoxRXV2d7ty5o7i4OE2cOFHSn2fQvvzy\nS7lcLj399NNatmyZGa7Hjh1r1huPGzfODCU+n0+RkZGaNm2azpw5o5qaGsXFxX3jGdmrV6+qp6dH\n0dHRysjIMMNde3u7+e/R0dH9nkq32WyKjo6Wy+Uya3aNbXzUrHhhYaF6eno0ZcoUM0A/7raM5Kn1\nM2fOqKOjQzNmzNCqVavMGcCUlBTzIkpJioiIUHZ2trq6uswAlpKSolmzZgXVFBstyQ4dOqSwsDBz\n5jPwgCUzM1ORkZHatWuXbt68qfz8fK1fv96cwf/666918OBB2e12rVy5Ui+++GKfm/BMnz59wLpY\nYz0XL17U73//e/l8Pq1atUqrV682y3Di4+MVHx8vp9NpzghnZGRo5syZfeqdjXW2traqqKhImzdv\n1rPPPhsU+kJCQrRu3TqzA43xmiQlJSkqKko3b95UR0eHrl27ZoZ06cGs98GDB+VwOLRs2TJt2bIl\nqA1cRkaGIiMj9bvf/a5PgLbZbPJ4PPr444/V0tKijRs36vnnnzf3od/v1/jx49XU1KTjx4/r7Nmz\nmjVrlmJjY4c9qPb+DLW0tJgHtAkJCd+aG98A3wZccQAMEiOQtLa2qrOzUwkJCYqLizMDTEtLixoa\nGuT3+5WamqqIiAjzqnljZnLDhg1atGiRwsPDg05hZ2ZmSpKqqqq+0fi8Xq9qamp07tw52e12Pf30\n05owYYL5mK6uLkl/vhBxIE6nUw6Hw7wb28MYpRgXLlxQUVGRwsLCzHpYq50aBkt/s+oPY2xjd3e3\n2fvXCIG968sDx9r7wjwjtHV1dens2bNyuVxKTk7W/Pnzzcc4HA5z2bm5uZo0aZJ6enpUVFQkt9st\nu90ut9utw4cPy+/3a8KECXr++efNm6MYYwsc40Dbf/PmTX300UfyeDyaO3eu1q1bF1QiFDgL21+3\nkN6lQkYonjRpkhYsWGCWBxnLsdvtZhg3/tvY3pSUFCUkJMjr9erevXvq6uoyL8TMz8+X9CDQL126\n1Bxj4LYuXrxYaWlpQRdPGtt54cIF3bp1SykpKXr22WfN7TN+jOc7HA7V1tbq/v37/e7Xoda7RMe4\noNRms5n/TwAwOjADDQwS48utq6tLXq9XMTEx5oyiMQPtdrtls9kUGRn50Frh3vXERg2qUUtqVWD4\nOXr0qO7evauIiAgzePV+3OMur79azMCQZSyrsrJSH374oex2u+bOnausrKyg7Rtuj5op7y0nJ8cM\nYR988IGWLl2qiRMnmrWyVrbDuMNjTU2NpAcXTsbFxfUJuzbbg1tEL1y4UKWlpaqrq1Nzc7OioqJ0\n9+5dVVdXy+VyKTs7W1FRUZY6UdjtdrW2tmrv3r26d++eFi1apO9///uWan8Hqq3v6urStGnTFBkZ\nGTSm3gdM7e3tqq6uVmNjo9ra2tTe3q6mpibZbDbz7no+n0+tra2qqqqSw+FQWlqa4uLi+v3shIaG\natKkSbp9+3afWvqioiLZbDYlJiaqo6NDHo+nz9mP0NBQhYWFye12q66uzrzwdyQ6WxjjDpxxflhX\nFQDDjwANDJLeodLr9Q4YRge6ir6/mUvjvyV9o1O4NptN+/fv1+nTp2W32/XDH/7QbIdlhInAeu3+\nvrCNbezp6TG/4I1yk97bYDy+qalJe/fuVVNTk5KSkrR27dqgWcih9LgHG4+q4Z4zZ46effZZnT59\nWoWFhbp69aoyMzP13HPPafbs2ZZn0tva2uR2u+X1epWUlPTQ/Tpx4kSFhISop6dHtbW1Sk1NVWNj\no9nlIzk52VLIM96b77//vkpKSmSzPeiOMmbMmH5nma0wyiXi4+P7/K33hY/5+fmqqalRZ2enGVSN\nmeXA/dbW1qbW1lZJUkJCQr8XthpCQ0P7XEDo8Xh09+5d2e12lZWV6de//nXQeI3t9fsf9EA3biPf\n++/DzTjQDgkJUVdXl5qamkYs0APoiwANDLKwsDA5HA41NzfL4/GYF41FRkYqKipKra2tun//vjwe\nT1Adps1m09mzZ5WSkqKUlBQzVNlsNjU1NUmSoqOjLdUNG0Hd6/Xq5MmT+uijjxQeHq5169YFXdEv\nPQgbgV0MjE4S/a2rpaVF3d3dioiIMPtE9551NgLJ7t27VVxcrPDwcL388stBtc9DFUwCW/kZr0NP\nT0+f+tjezzH6FQc+z9hHW7duVVJSkk6cOKHm5mZduXJFly5d0vLly7V582ZFRUU91vYYIdMobXnY\nmKQH7yejxWBgKYkxZpfLZTnAt7S0qKmpSbGxsWppadGuXbuUnp5u3pzjmwgs2Qjk9XrV2dmp3bt3\n68yZMwoNDdXEiROVlZWlcePGKTw8XIcOHQrqS24EYKPX+KNmyPt7rxp9qI2AHhYWFhSaA40fP14+\nn08xMTFB2zNSAjuF3Lt3Tz09PUEHW5R0ACOHAA0MEuMLOTY2VmPGjFFtba1qa2uVkpIiSRozZoxS\nU1NVVVWlGzduqK6uzmxNZrPZVFpaqvfee09hYWH6h3/4B2VmZppf8NevXzdPYf8lzp49qwMHDpg3\nQlm+fLk5Wx4oNjbWPI3d0NDQ74yXzWZTXV2dWZcZFRXV53E+n08tLS3au3evLly4oPj4eG3fvl1Z\nWVl9ylSGgrHsuLg4OZ1OdXd3q7a21ryoszejxKaurs7sQBK4HOOugmvXrtWcOXNUUlKiCxcuqKSk\nRAUFBYqOjtaGDRvMetyHMUKvUbJh9AIfiHEg5nA4zGAXGLo7OzstvZZGeFy5cqVmzpyp3//+96qp\nqdH//d//6cc//nFQS8JvKjCoOhwOnTlzRufPn1dUVJS2bt2qnJycoBZ5586dC7oDn1GLb9RSd3R0\n9CltMB430EGl0Zvc5/Np1qxZ2rBhQ7/1/YFjNUL2SAsNDdUzzzyj6upq3b17V3fu3OnTOx3AyOBc\nEDBIjC/+hIQEpaSkqLm5WRUVFWZAdrlcWr58uSTp7t27+sMf/qDS0lLV1taqoKBAb7/9tjwejxIT\nE5WUlGR+oTc2Nqq4uFjjx49XQkJCn1PUAzGef/r0ae3Zs0fNzc3Ky8vTpk2bFBkZ2afm1m63KzEx\nUePGjZPX69WdO3eCbqBh8Hg8qqiokMvlUlxcXFAAMtbb2tqqDz/8UF988YWioqK0bds2ZWdnD9uF\nWUYQGj9+vMLCwtTV1aWysrIBa7z9fr9u3bqlxsZGuVwu88LK3hfISQ/KCHJzc/Xaa68pKytLHo9H\nFy9efOwg6/f7FRkZqdDQULlcLlVVVQXNKPdWUlKinp4eRUVFKTExUT6fT7GxseYt4W/fvm3O0D6u\n6OhorV+/XllZWVq1apV8Pp9u3rypo0ePPrT0aKDtGUjg6+f3+/XFF1+ou7tb8+bNU25u7oBnLwJ/\nFxUVpaioKElSTU2NGaL7W69x8V+g0NBQjRs3Tj6fT42NjWb/6cjISPMnKipK0dHR5r8bZ41GMqQa\n616+fLl5UPvxxx/L4/FIGtmuNAAI0MCgMU71O51OLVq0SD6fT19++aWam5vNcP3000/rBz/4gex2\nuy5fvqw33nhD//Zv/6Z33nlHbW1tioqK0rp168x2ZMZtfNva2vTMM88oPDy835BhCDz1bdykY+fO\nnerp6dHq1au1bds2syQgsNTCCCQul0s5OTnyeDy6ceOGWQtqLNPn86m6ulqVlZWy2+1m7awRkIyu\nHB988IG+/PJLSdL27ds1a9asPuF5oBDU2+Ne2Nibz+dTXFycEhISFBoaqi+++EKtra1mQDTW7/V6\n5fF4VFBQILvdrpiYGKWnp/e5GNIYg9H9ISoqSosXL5bX61VHR4fZLSHwcUa5RuB+MQ6yUlNT5fP5\nVF5erpqamj7dI/x+vxobG/X5558rJCREaWlpioyMlM/nU3JyspKSkuTz+XTp0iXV19cHrcPYfp/P\n129XCqPri91u15IlSzR//nyzNvnSpUt99k9gxwpjeb3X9yhut1v379+X3W5XcnJyn23t6OhQfX29\nHA5H0GsVGxurjIwMeTweVVVVqaamJui9G/i+LCkpUUhISJ/PSHZ2tnw+nyorK82zJ0apSeCFsIHb\naSU8G/v9YT+9H997+/v78fl8Sk1NVW5urmw2m4qLi7V3717zwNbYR71/jAswAQwdAjQwBGbPnq3p\n06erpKTEvDW28SW6dOlS/fSnP9XChQuVnp6uuLg4ZWRkaO7cufrJT36iZ555xvwivHz5ss6ePau4\nuDjl5OQM2JbMYHyRezwenTx5Uvv371d4eLhWrFih733ve2btrcfjMYNj74C1ePFijR8/Xg0NDfrj\nH/9o9oY2Qnl+fr5aWloUFhamOXPmBIWNuro6/c///I+++uorjR8/Xn//93+v2bNnm1/2xvqszHL+\npbPWRsjNycmR9GDW/8CBA+ZBgcHtduvEiRO6ePGibDabZsyYYd4oxlBXV2f2uzZCizETb7M96Isd\nGNxcLpdiYmLk8XhUXl5uzhoa2xMSEmKW0dTX1+vQoUNqaWkJCkGtra369NNP1dTUpNDQUC1cuNAM\nvREREVq5cqX8fr/u37+v3bt36/bt20EHB9KD8o7e65b+fHbC+Nm+fbsmT55sXlxYXl5uPsfv9ys8\nPNwsTamqqgraf4HhcyBGrbfRW7y4uFg9PT3m33p6evT555+ruro66D1u/DM3N1cul0utra3at2+f\nqqurgwJiXV2d9u3bF1SWFHgANHfuXE2cOFGtra36wx/+oMrKSvOzYPxIf25TaJVxoGL8s/fPQGE2\n8PPQ34+xHWvWrNHkyZPldDp16tQp7dq1S9evX5fb7e53mdXV1WpvbydEA0OIGmhgCLhcLm3ZskVv\nvfWW9u/fr8jISC1ZssSsFc7OzlZWVpb5JedwOMwr7o0QUFFRoY8//litra1au3Ztn44Z/TF+f+TI\nEf3pT38yL1S8efOmdu7caT7feKzN9qDv8CuvvKLY2Fj5/X6NGTNGmzdv1m9/+1vzttTz58+X0+nU\n119/raKiInk8Hr300kvmmKQHp8/ff/99lZWVmT2ijx8/rmPHjgWtV3oQOJKSkrRp0yazf3F//pLZ\nwEAOh0O5ubkqLS3VxYsXdebMGVVUVGjKlCnmxVnl5eWqrKxUW1ubpkyZojVr1igkJCRonXv27FFb\nW5tmzpyp5ORkeTweFRcX69y5c3I6nZo+fbp5dsCY2XzqqadUVVWloqIivfvuu0pNTVVYWJhWrFgh\nm82madOm6a/+6q+0d+9effnll6qurtaCBQuUlJSklpYWXbhwQeXl5eru7tbatWv7zOLPmzfPvEPg\nlStXdPfuXU2bNk0ZGRlyuVy6f/++ysrKtGbNGmVnZwe9noH9nY2b9WzevFlvv/222tratHv3bv3t\n3/6tWQ89btw4xcbG6t69e8rPz5fb7dbYsWM1duxY5eTkmDXFA91i2u/3y+l0Kjs7W3V1dbp27Zo+\n+OADzZw5U5J0+fJlXbp0SWPHjtX9+/f7zCBPnDhRGzdu1N69e1VWVqY333xTzzzzjMaNG6e2tjYV\nFRWpublZq1ev1uHDh/u8Z4ya63feeUfXr1/Xb37zG82YMUMTJ04070bY1NSk4uJis7zkUQKXn5+f\nr2vXrgUdVBjvBZ/Pp4SEBP31X/+12X3GbrfL6/Xq7bff7vf1Mn63YsUKZWdnKyEhQdu3b9euXbvM\n992VK1eUnJyslJQUjR071rw4tK6uTpWVldq0aZMWLVr0yO0A8JchQAODzPjyzMzM1AsvvKDdu3fr\n/fffV2trq5577jmz7jMkJMScUTRmiozZx+LiYu3cuVP19fVatmyZ1q1bJ0lBwWcgfr9fJ0+eVFtb\nm3k6/MqVK32eY4zT5XJp27Zt5vJ9Pp/mzJlj9gm+dOmSvvrqKzPYR0dHa/v27VqxYkXQLF9dXZ1u\n3LhhzsJVV1eruro6aFyB4T0jI+ORvW09Ho96enqCZlEflxGiYmJitGPHDr333nsqLCxURUWFSkpK\nzLATEhKikJAQLVmyRK+88krQBXrGTHB5ebkaGhpUVFQUFPadTqfmzJmj1atXmxcQGjPAq1ev1tWr\nV9XQ0KCCggK53W5lZmZqxYoV5mu9evVqhYWFad++fbp165auX79ulkmEhIQoNjZWmzZt0urVq/u8\nhg6HQxs3blRUVJQOHjyo+vp6nThxQj09PeZ+9Xg8mjRpkhmgvV6venp61N3dHVTO4ff7NXnyZC1f\nvlwfffSRKioqdPjwYW3dulVOp1NjxozR888/r3feeUctLS06cuSIuru79eyzz2rGjBlyOBzyer3q\n7u42WxwGhmDjfbVmzRpVVlbqxo0bOnPmjE6cOCGfzyeXy6WNGzcqNjZWv/nNb9Ta2hpU122z2bR6\n9Wp1d3frT3/6k+7fv69jx46Z/ZxjYmK0fft2ZWRkaN++fUEz78brNXXqVL322mv64IMPdO/ePR05\ncsQ8eDXeh8Yd/xYsWBDUBac3Yx8bB6i3bt1SZWVlv+9Bn8+ntLQ0c1uM97Tf7zfLZQZ67xqdcmw2\nm9LS0vRP//RPOnjwoE6ePKnGxkazG0zgXS6N8pza2to+ZwkADB6bnysRgEFnBOHu7m6dOXNGBw4c\nUHt7u7Kzs7Vw4UKlpaUpNjbWbMvl8XjU0tKi6upqffXVVyooKJDNZtPSpUu1ZcsWM2g/Dp/Pp/Pn\nz6u9vf2xvjjtdrsWLlxoBvvA8d+8eVPXrl1TfX297Ha7EhISNGXKFKWnp5v1o4bGxkYVFRUNWJ4R\nGP6kBxeyzZ49e8Ce0H6/X+fOnVNbW5smTJhg3nzFqsDgUl5ervLyctXX15stBseNG6dJkyYpMzOz\n34vHfD6f6urqVFxcrHv37qmtrU12u11xcXHKzMzU9OnTzS4Rga+d9KDcobCwUPX19XK5XEpLS9Nz\nzz3X56K5mpoalZSUmH2RQ0NDlZqaqqysrKBOLf1tm9/v1507d1RWVqba2lp1dHQoJCREMTExGj9+\nvCZPnqyYmBjZbDZVVFTo+vXrioiI0KJFi4K6Ufj9frW1tenChQvy+XwKDQ3VnDlzzHp86cEt4K9c\nuaLW1laFhYVpypQpmjVrlpxOp+rq6nT16lV1dXUpJydH48aN67fWt6mpSRcvXjRLTuLi4pSVlaXJ\nkyeroaFBly9fVlRUlGbPnm1+PoxA7vP5dOPGDRUXF6uhoUF2u11JSUmaPn260tLS1NHRofPnz8vl\ncmnBggV9ziRID1owlpWVqaqqyuxwEhERoZiYGCUnJysjI8N8vYz3Qu/3rt/vV3NzswoLC83/fthn\nLTIyUvPnzzfDdmlp6SM/zzabTVOmTFFycnKf91ZjY6Nu3Lihe/fuqbm5Wd3d3XK5XIqIiFBcXJy5\nHdy9EBg6BGhgCARe5OTz+VRRUaFPP/1UV69eNU+JJyQkKCYmRk6nUy0tLaqvr1dtba06OzuVnJys\n559/Xjk5OX1u6z1UY5X6Bkfjd8ZMX+AFXr1P1/e3nIcFi8eZHXtUMHlcgfvD2B5j9tHYpsAxB4ab\nwEBs1D4bF4saAvdP4AVwxvN6enrMPsQP205j9j5wNrv38vt7rvG4wOcHbld/r2Pv7Qzc34F6lyMY\nr4Exxt5BM/B5/e0DgzHDbHQTMWZPe++L3ss1fmfUUIeEhAS1vutP7wOW3u+D3jdwCVzWQAcu/S3/\nYR722jzs8QPtJ2M5Rr20cVvz3s8hQANDgwANDDHjy93r9erSpUv67LPPdOvWLbW0tAQF0/DwcCUn\nJ2vRokVauXLlqLphgtUv/9Hsm2zLNw1OVp9r1VDvp8Fa/mAsZ7QsYzQIPPh5krcDeJIQoIFh0HsG\nra6uTnV1dWpra5PP51NERITGjh2rpKQk87SzEbz5QgQAYHQhQAPDpPdHrb+PXn+n2wnQAACMLgRo\nYJQbrDpgAAAwOLiRCjDKEZ4BABhdCNAAAACABQRoAAAAwAICNAAAAGABARoAAACwgAANAAAAWECA\nBgAAACwgQAMAAAAWEKABAAAACwjQAAAAgAUEaAAAAMACAjQAAABgAQEaAAAAsIAADQAAAFhAgAYA\nAAAsIEADAAAAFhCgAQAAAAsI0AAAAIAFBN2fwggAAAlJSURBVGgAAADAAgI0AAAAYAEBGgAAALCA\nAA0AAABYQIAGAAAALCBAAwAAABYQoAEAAAALCNAAAACABQRoAAAAwAICNAAAAGABARoAAACwgAAN\nAAAAWECABgAAACwgQAMAAAAWEKABAAAACwjQAAAAgAUEaAAAAMACAjQAAABgAQEaAAAAsIAADQAA\nAFhAgAYAAAAsIEADAAAAFhCgAQAAAAsI0AAAAIAFBGgAAADAAgI0AAAAYAEBGgAAALCAAA0AAABY\nQIAGAAAALCBAAwAAABYQoAEAAAALCNAAAACABQRoAAAAwAICNAAAAGABARoAAACwgAANAAAAWECA\nBgAAACwgQAMAAAAWEKABAAAACwjQAAAAgAUEaAAAAMACAjQAAABgAQEaAAAAsIAADQAAAFhAgAYA\nAAAsIEADAAAAFhCgAQAAAAsI0AAAAIAFBGgAAADAAgI0AAAAYAEBGgAAALCAAA0AAABYQIAGAAAA\nLCBAAwAAABYQoAEAAAALCNAAAACABQRoAAAAwAICNAAAAGABARoAAACwgAANAAAAWECABgAAACwg\nQAMAAAAWEKABAAAACwjQAAAAgAUEaAAAAMACAjQAAABgAQEaAAAAsIAADQAAAFhAgAYAAAAsIEAD\nAAAAFhCgAQAAAAsI0AAAAIAFNkn+kR4EAAAA8KRgBhoAAACwgAANAAAAWECABgAAACwgQAMAAAAW\nEKABAAAACwjQAAAAgAUEaAAAAMACAjQAAABgAQEaAAAAsIAADQAAAFhAgAYAAAAsIEADAAAAFhCg\nAQAAAAsI0AAAAIAFBGgAAADAAgI0AAAAYAEBGgAAALCAAA0AAABYQIAGAAAALCBAAwAAABYQoAEA\nAAALCNAAAACABQRoAAAAwAICNAAAAGABARoAAACwgAANAAAAWECABgAAACwgQAMAAAAWEKABAAAA\nCwjQAAAAgAUEaAAAAMAC50gPABguYWFh2rRpk+bNm6e2tja99957Ki8vH+lhAQCAJ4xNkn+kBwEM\nJZvNptzcXG3evFnR0dHm76uqqvT666+P4MgA4MmTl5envLw8xcfHD+l66uvrdezYMR07dmxI1wP8\nJZiBxrfahAkT9MorrygzM7PP31JTU4d/QMAAsrKyNHv2bKWnpys+Pt4MJ7dv31ZnZ6du376tgoIC\n3b59e4RHiu+yvLw8vfTSS8Oyrvj4eHNdhGiMNgRofCtFRkZq8+bNWrJkiWw2W7+PGej3wHDKzc3V\n+vXrB5zNS09Pl/QgYOfl5am+vl5//OMfVVBQMJzDBCQ9CNAjsU4CNEYbAjS+VWw2m5YtW6ZNmzYp\nIiJipIcDDCg9PV0/+tGPzID8uOLj4/Xqq68qLy9Pb731lurr64dohEBfQ122MVrWCTwKARrfGk89\n9ZRefvllpaWljfRQgIfKysrSjh07vtFBXnp6un7+85/rrbfeUmlp6SCODgDwKLSxwxNvzJgx+vGP\nf6x//ud/Jjxj1MvKytLPfvazQTlDEhERoZ/97GfKysoahJEBAB4XARpPLIfDoVWrVun111/XokWL\nRno4wCOlp6drx44dg77cHTt2cJobAIYRARpPpKlTp+qXv/yltm7dqrCwsJEeDvBYXn311SGpzY+I\niBiSYA4A6B810HiiJCYmauvWrZo5c+ZIDwWwJDc3d0hLjNLT05Wbm6v8/PwhWwcA4AECNJ4IYWFh\neuGFF5SXlyeHwzHSwwEsW79+/bCsgwANAEOPAI1RzWazafHixdqyZUvQXQSBJ0lWVtaw1CjHx8cr\nPT2dm60AwBAjQGPUmjhxorZv366MjIyRHgrwjcyePXvY1rV48WICNAAMMQI0Rp2YmBht2bKFzhr4\n1rB6s5QnZV0A8F1FgMaoMmPGDP30pz9VSEjISA8FGDTD2WIuPDx82NYFAN9VtLHDqPI3f/M3hGd8\n6wxngGYGGgCGHgEao4rdzlsSAACMbqQVjCq//e1v1d3dPdLDAAZVfX39sK2rqqpq2NYFAN9VBGiM\nKkVFRfr5z3+us2fPjvRQgEEznAG6o6Nj2NYFAN9VBGiMOs3Nzdq5c6f+/d//ndk0fCsMZ1s5WtgB\nwNAjQGPUqqio0K9+9Su9++67amtrG+nhAH+xr7/+etjWVVBQMGzrAoDvKgI0RjW/36/8/Hz9y7/8\niw4fPiyfzzfSQwIsKy0tHZYyjvr6emagAWAYEKDxRHC73dqzZ49+8YtfqLi4eKSHA1i2f//+b8U6\nAAAEaDxhamtr9V//9V/69a9/rbq6upEeDvDY8vPzh7Smv6qqSvn5+UO2fADAnxGg8US6fPmyfvGL\nX2jPnj1yu90jPRzgsbz55pvq7Owc9OV2dnbqzTffHPTlAgD6R4DGE8vr9erw4cP613/9V9re4YlQ\nX18/JEH3jTfeGNZWeQDwXUeAxhOvpaVFO3fu1H/8x3/Q9g6jXmlpqd54441BmYnu7OzUG2+8wYWD\nADDMCND41igvL9evfvUr7dq1i5tJYFQzQvQ3OeCrqqrS66+/rtLS0kEcGQDgcTgk/XKkBwEMpsrK\nSn3++eeKiIjQhAkTZLPZBnwsXQswUlpaWnTq1Ck1NDQoPT1dERERj/W8+vp67d69W++///6Q1FMD\nD5Obm/vY79XBUl9fr2PHjg3rOoFHsUnyj/QggKEyYcIE/eAHP9CECRP6/M3v9+vv/u7vRmBUQF/p\n6elavHixGabT0tIkPZhp7ujo0O3bt1VQUEC5BkZUXl6eXnrppWFd54cffkiAxqhDgMa3ns1mU25u\nrr7//e8rMjLS/H1ZWZn+8z//cwRHBgBPnry8POXl5Sk+Pn5I12PMPBOeMRoRoPGdERERoRdffFFz\n585Ve3u7/vu//1v37t0b6WEBAIAnDAEaAAAAsIAuHAAAAIAFBGgAAADAAgI0AAAAYAEBGgAAALCA\nAA0AAABYQIAGAAAALCBAAwAAABYQoAEAAAALCNAAAACABQRoAAAAwAICNAAAAGABARoAAACwgAAN\nAAAAWECABgAAACwgQAMAAAAWEKABAAAACwjQAAAAgAUEaAAAAMACAjQAAABgAQEaAAAAsIAADQAA\nAFhAgAYAAAAsIEADAAAAFhCgAQAAAAsI0AAAAIAFBGgAAADAAgI0AAAAYAEBGgAAALCAAA0AAABY\nQIAGAAAALCBAAwAAABb8P0GPJD72se+CAAAAAElFTkSuQmCC\n","sessionId":"56ed2f3f-cd3b-4ed4-869e-a293461c50f7","status":0}
14:28:51.989 [main] DEBUG com.intuit.karate - request:
3 > DELETE http://localhost:4723/wd/hub/session/56ed2f3f-cd3b-4ed4-869e-a293461c50f7
3 > Host: localhost:4723
3 > Connection: Keep-Alive
3 > User-Agent: Apache-HttpClient/4.5.13 (Java/1.8.0_221)
3 > Accept-Encoding: gzip,deflate


14:28:53.492 [main] DEBUG com.intuit.karate - response time in milliseconds: 1503
3 < 200
3 < X-Powered-By: Express
3 < Content-Type: application/json; charset=utf-8
3 < Content-Length: 76
3 < ETag: W/"4c-H5mJW0Sd/tRfuL3iTqR2uIry9yU"
3 < Date: Tue, 23 Nov 2021 08:58:53 GMT
3 < Connection: keep-alive
{"value":null,"sessionId":"56ed2f3f-cd3b-4ed4-869e-a293461c50f7","status":0}
---------------------------------------------------------
feature: classpath:android/android.feature
scenarios:  1 | passed:  0 | failed:  1 | time: 19.7818
---------------------------------------------------------

Karate version: 1.1.0
======================================================
elapsed:  27.07 | threads:    1 | thread time: 19.78 
features:     1 | skipped:    0 | efficiency: 0.73
scenarios:    1 | passed:     0 | failed: 1
======================================================
>>> failed features:
js failed:
>>>>
01: driver.input(LOGIN_PG_USER_NAME_INPUT, "Demo6")
<<<<
org.graalvm.polyglot.PolyglotException: ReferenceError: "LOGIN_PG_USER_NAME_INPUT" is not defined
- <js>.:program(Unnamed:1)

classpath:android/android.feature:8
<<<

HTML report: (paste into browser to view) | Karate version: 1.1.0
file:///C:/Users/Tharindu/Desktop/test%20proj/test_proj/karate_labs/myproject/target/karate-reports/karate-summary.html
===================================================================

]]></system-out>
  </testcase>
</testsuite>